
> hgg-roborail-assistant@3.0.23 test:unit /Volumes/Main SSD/CascadeProjects/RRA
> vitest "--reporter=json"

(node:21925) PromiseRejectionHandledWarning: Promise rejection was handled asynchronously (rejection id: 8)
(Use `node --trace-warnings ...` to show where the warning was created)
{"numTotalTestSuites":159,"numPassedTestSuites":94,"numFailedTestSuites":65,"numPendingTestSuites":0,"numTotalTests":336,"numPassedTests":275,"numFailedTests":61,"numPendingTests":0,"numTodoTests":0,"snapshot":{"added":0,"failure":false,"filesAdded":0,"filesRemoved":0,"filesRemovedList":[],"filesUnmatched":0,"filesUpdated":0,"matched":0,"total":0,"unchecked":0,"uncheckedKeysByFile":[],"unmatched":0,"updated":0,"didUpdate":false},"startTime":1753033373444,"success":false,"testResults":[{"assertionResults":[],"startTime":1753033373444,"endTime":1753033373444,"status":"failed","message":"No test suite found in file /Volumes/Main SSD/CascadeProjects/RRA/lib/ai/models.test.ts","name":"/Volumes/Main SSD/CascadeProjects/RRA/lib/ai/models.test.ts"},{"assertionResults":[],"startTime":1753033373444,"endTime":1753033373444,"status":"failed","message":"[vitest] No \"createOpenAI\" export is defined on the \"@ai-sdk/openai\" mock. Did you forget to return it from \"vi.mock\"?\nIf you need to partially mock a module, you can use \"importOriginal\" helper inside:\n","name":"/Volumes/Main SSD/CascadeProjects/RRA/lib/ai/providers.test.ts"},{"assertionResults":[{"ancestorTitles":["Agent System","Agent Initialization"],"fullName":"Agent System Agent Initialization should initialize QA agent with correct properties","status":"failed","title":"should initialize QA agent with correct properties","duration":25.950333000000683,"failureMessages":["TypeError: QAAgent is not a constructor\n    at /Volumes/Main SSD/CascadeProjects/RRA/lib/agents/agents.test.ts:94:15\n    at file:///Volumes/Main%20SSD/CascadeProjects/RRA/node_modules/.pnpm/@vitest+runner@3.2.3/node_modules/@vitest/runner/dist/chunk-hooks.js:155:11\n    at file:///Volumes/Main%20SSD/CascadeProjects/RRA/node_modules/.pnpm/@vitest+runner@3.2.3/node_modules/@vitest/runner/dist/chunk-hooks.js:1894:20\n    at new Promise (<anonymous>)\n    at runWithTimeout (file:///Volumes/Main%20SSD/CascadeProjects/RRA/node_modules/.pnpm/@vitest+runner@3.2.3/node_modules/@vitest/runner/dist/chunk-hooks.js:1860:10)\n    at runHook (file:///Volumes/Main%20SSD/CascadeProjects/RRA/node_modules/.pnpm/@vitest+runner@3.2.3/node_modules/@vitest/runner/dist/chunk-hooks.js:1433:51)\n    at callSuiteHook (file:///Volumes/Main%20SSD/CascadeProjects/RRA/node_modules/.pnpm/@vitest+runner@3.2.3/node_modules/@vitest/runner/dist/chunk-hooks.js:1439:25)\n    at processTicksAndRejections (node:internal/process/task_queues:105:5)\n    at callSuiteHook (file:///Volumes/Main%20SSD/CascadeProjects/RRA/node_modules/.pnpm/@vitest+runner@3.2.3/node_modules/@vitest/runner/dist/chunk-hooks.js:1426:21)\n    at runTest (file:///Volumes/Main%20SSD/CascadeProjects/RRA/node_modules/.pnpm/@vitest+runner@3.2.3/node_modules/@vitest/runner/dist/chunk-hooks.js:1563:26)"],"meta":{}},{"ancestorTitles":["Agent System","Agent Initialization"],"fullName":"Agent System Agent Initialization should initialize Rewrite agent with correct properties","status":"failed","title":"should initialize Rewrite agent with correct properties","duration":5.31695800000125,"failureMessages":["TypeError: QAAgent is not a constructor\n    at /Volumes/Main SSD/CascadeProjects/RRA/lib/agents/agents.test.ts:94:15\n    at file:///Volumes/Main%20SSD/CascadeProjects/RRA/node_modules/.pnpm/@vitest+runner@3.2.3/node_modules/@vitest/runner/dist/chunk-hooks.js:155:11\n    at file:///Volumes/Main%20SSD/CascadeProjects/RRA/node_modules/.pnpm/@vitest+runner@3.2.3/node_modules/@vitest/runner/dist/chunk-hooks.js:1894:20\n    at new Promise (<anonymous>)\n    at runWithTimeout (file:///Volumes/Main%20SSD/CascadeProjects/RRA/node_modules/.pnpm/@vitest+runner@3.2.3/node_modules/@vitest/runner/dist/chunk-hooks.js:1860:10)\n    at runHook (file:///Volumes/Main%20SSD/CascadeProjects/RRA/node_modules/.pnpm/@vitest+runner@3.2.3/node_modules/@vitest/runner/dist/chunk-hooks.js:1433:51)\n    at callSuiteHook (file:///Volumes/Main%20SSD/CascadeProjects/RRA/node_modules/.pnpm/@vitest+runner@3.2.3/node_modules/@vitest/runner/dist/chunk-hooks.js:1439:25)\n    at processTicksAndRejections (node:internal/process/task_queues:105:5)\n    at callSuiteHook (file:///Volumes/Main%20SSD/CascadeProjects/RRA/node_modules/.pnpm/@vitest+runner@3.2.3/node_modules/@vitest/runner/dist/chunk-hooks.js:1426:21)\n    at runTest (file:///Volumes/Main%20SSD/CascadeProjects/RRA/node_modules/.pnpm/@vitest+runner@3.2.3/node_modules/@vitest/runner/dist/chunk-hooks.js:1563:26)"],"meta":{}},{"ancestorTitles":["Agent System","Agent Initialization"],"fullName":"Agent System Agent Initialization should initialize Planner agent with correct properties","status":"failed","title":"should initialize Planner agent with correct properties","duration":0.948207999999795,"failureMessages":["TypeError: QAAgent is not a constructor\n    at /Volumes/Main SSD/CascadeProjects/RRA/lib/agents/agents.test.ts:94:15\n    at file:///Volumes/Main%20SSD/CascadeProjects/RRA/node_modules/.pnpm/@vitest+runner@3.2.3/node_modules/@vitest/runner/dist/chunk-hooks.js:155:11\n    at file:///Volumes/Main%20SSD/CascadeProjects/RRA/node_modules/.pnpm/@vitest+runner@3.2.3/node_modules/@vitest/runner/dist/chunk-hooks.js:1894:20\n    at new Promise (<anonymous>)\n    at runWithTimeout (file:///Volumes/Main%20SSD/CascadeProjects/RRA/node_modules/.pnpm/@vitest+runner@3.2.3/node_modules/@vitest/runner/dist/chunk-hooks.js:1860:10)\n    at runHook (file:///Volumes/Main%20SSD/CascadeProjects/RRA/node_modules/.pnpm/@vitest+runner@3.2.3/node_modules/@vitest/runner/dist/chunk-hooks.js:1433:51)\n    at callSuiteHook (file:///Volumes/Main%20SSD/CascadeProjects/RRA/node_modules/.pnpm/@vitest+runner@3.2.3/node_modules/@vitest/runner/dist/chunk-hooks.js:1439:25)\n    at processTicksAndRejections (node:internal/process/task_queues:105:5)\n    at callSuiteHook (file:///Volumes/Main%20SSD/CascadeProjects/RRA/node_modules/.pnpm/@vitest+runner@3.2.3/node_modules/@vitest/runner/dist/chunk-hooks.js:1426:21)\n    at runTest (file:///Volumes/Main%20SSD/CascadeProjects/RRA/node_modules/.pnpm/@vitest+runner@3.2.3/node_modules/@vitest/runner/dist/chunk-hooks.js:1563:26)"],"meta":{}},{"ancestorTitles":["Agent System","Agent Initialization"],"fullName":"Agent System Agent Initialization should initialize Research agent with correct properties","status":"failed","title":"should initialize Research agent with correct properties","duration":1.009250000000975,"failureMessages":["TypeError: QAAgent is not a constructor\n    at /Volumes/Main SSD/CascadeProjects/RRA/lib/agents/agents.test.ts:94:15\n    at file:///Volumes/Main%20SSD/CascadeProjects/RRA/node_modules/.pnpm/@vitest+runner@3.2.3/node_modules/@vitest/runner/dist/chunk-hooks.js:155:11\n    at file:///Volumes/Main%20SSD/CascadeProjects/RRA/node_modules/.pnpm/@vitest+runner@3.2.3/node_modules/@vitest/runner/dist/chunk-hooks.js:1894:20\n    at new Promise (<anonymous>)\n    at runWithTimeout (file:///Volumes/Main%20SSD/CascadeProjects/RRA/node_modules/.pnpm/@vitest+runner@3.2.3/node_modules/@vitest/runner/dist/chunk-hooks.js:1860:10)\n    at runHook (file:///Volumes/Main%20SSD/CascadeProjects/RRA/node_modules/.pnpm/@vitest+runner@3.2.3/node_modules/@vitest/runner/dist/chunk-hooks.js:1433:51)\n    at callSuiteHook (file:///Volumes/Main%20SSD/CascadeProjects/RRA/node_modules/.pnpm/@vitest+runner@3.2.3/node_modules/@vitest/runner/dist/chunk-hooks.js:1439:25)\n    at processTicksAndRejections (node:internal/process/task_queues:105:5)\n    at callSuiteHook (file:///Volumes/Main%20SSD/CascadeProjects/RRA/node_modules/.pnpm/@vitest+runner@3.2.3/node_modules/@vitest/runner/dist/chunk-hooks.js:1426:21)\n    at runTest (file:///Volumes/Main%20SSD/CascadeProjects/RRA/node_modules/.pnpm/@vitest+runner@3.2.3/node_modules/@vitest/runner/dist/chunk-hooks.js:1563:26)"],"meta":{}},{"ancestorTitles":["Agent System","Request Validation"],"fullName":"Agent System Request Validation should validate valid agent requests","status":"failed","title":"should validate valid agent requests","duration":5.5353329999998095,"failureMessages":["TypeError: QAAgent is not a constructor\n    at /Volumes/Main SSD/CascadeProjects/RRA/lib/agents/agents.test.ts:94:15\n    at file:///Volumes/Main%20SSD/CascadeProjects/RRA/node_modules/.pnpm/@vitest+runner@3.2.3/node_modules/@vitest/runner/dist/chunk-hooks.js:155:11\n    at file:///Volumes/Main%20SSD/CascadeProjects/RRA/node_modules/.pnpm/@vitest+runner@3.2.3/node_modules/@vitest/runner/dist/chunk-hooks.js:1894:20\n    at new Promise (<anonymous>)\n    at runWithTimeout (file:///Volumes/Main%20SSD/CascadeProjects/RRA/node_modules/.pnpm/@vitest+runner@3.2.3/node_modules/@vitest/runner/dist/chunk-hooks.js:1860:10)\n    at runHook (file:///Volumes/Main%20SSD/CascadeProjects/RRA/node_modules/.pnpm/@vitest+runner@3.2.3/node_modules/@vitest/runner/dist/chunk-hooks.js:1433:51)\n    at callSuiteHook (file:///Volumes/Main%20SSD/CascadeProjects/RRA/node_modules/.pnpm/@vitest+runner@3.2.3/node_modules/@vitest/runner/dist/chunk-hooks.js:1439:25)\n    at processTicksAndRejections (node:internal/process/task_queues:105:5)\n    at callSuiteHook (file:///Volumes/Main%20SSD/CascadeProjects/RRA/node_modules/.pnpm/@vitest+runner@3.2.3/node_modules/@vitest/runner/dist/chunk-hooks.js:1426:21)\n    at runTest (file:///Volumes/Main%20SSD/CascadeProjects/RRA/node_modules/.pnpm/@vitest+runner@3.2.3/node_modules/@vitest/runner/dist/chunk-hooks.js:1563:26)"],"meta":{}},{"ancestorTitles":["Agent System","Request Validation"],"fullName":"Agent System Request Validation should reject invalid agent requests","status":"failed","title":"should reject invalid agent requests","duration":1.1267920000009326,"failureMessages":["TypeError: QAAgent is not a constructor\n    at /Volumes/Main SSD/CascadeProjects/RRA/lib/agents/agents.test.ts:94:15\n    at file:///Volumes/Main%20SSD/CascadeProjects/RRA/node_modules/.pnpm/@vitest+runner@3.2.3/node_modules/@vitest/runner/dist/chunk-hooks.js:155:11\n    at file:///Volumes/Main%20SSD/CascadeProjects/RRA/node_modules/.pnpm/@vitest+runner@3.2.3/node_modules/@vitest/runner/dist/chunk-hooks.js:1894:20\n    at new Promise (<anonymous>)\n    at runWithTimeout (file:///Volumes/Main%20SSD/CascadeProjects/RRA/node_modules/.pnpm/@vitest+runner@3.2.3/node_modules/@vitest/runner/dist/chunk-hooks.js:1860:10)\n    at runHook (file:///Volumes/Main%20SSD/CascadeProjects/RRA/node_modules/.pnpm/@vitest+runner@3.2.3/node_modules/@vitest/runner/dist/chunk-hooks.js:1433:51)\n    at callSuiteHook (file:///Volumes/Main%20SSD/CascadeProjects/RRA/node_modules/.pnpm/@vitest+runner@3.2.3/node_modules/@vitest/runner/dist/chunk-hooks.js:1439:25)\n    at processTicksAndRejections (node:internal/process/task_queues:105:5)\n    at callSuiteHook (file:///Volumes/Main%20SSD/CascadeProjects/RRA/node_modules/.pnpm/@vitest+runner@3.2.3/node_modules/@vitest/runner/dist/chunk-hooks.js:1426:21)\n    at runTest (file:///Volumes/Main%20SSD/CascadeProjects/RRA/node_modules/.pnpm/@vitest+runner@3.2.3/node_modules/@vitest/runner/dist/chunk-hooks.js:1563:26)"],"meta":{}},{"ancestorTitles":["Agent System","Request Validation"],"fullName":"Agent System Request Validation should provide defaults for optional fields","status":"failed","title":"should provide defaults for optional fields","duration":0.2299170000005688,"failureMessages":["TypeError: QAAgent is not a constructor\n    at /Volumes/Main SSD/CascadeProjects/RRA/lib/agents/agents.test.ts:94:15\n    at file:///Volumes/Main%20SSD/CascadeProjects/RRA/node_modules/.pnpm/@vitest+runner@3.2.3/node_modules/@vitest/runner/dist/chunk-hooks.js:155:11\n    at file:///Volumes/Main%20SSD/CascadeProjects/RRA/node_modules/.pnpm/@vitest+runner@3.2.3/node_modules/@vitest/runner/dist/chunk-hooks.js:1894:20\n    at new Promise (<anonymous>)\n    at runWithTimeout (file:///Volumes/Main%20SSD/CascadeProjects/RRA/node_modules/.pnpm/@vitest+runner@3.2.3/node_modules/@vitest/runner/dist/chunk-hooks.js:1860:10)\n    at runHook (file:///Volumes/Main%20SSD/CascadeProjects/RRA/node_modules/.pnpm/@vitest+runner@3.2.3/node_modules/@vitest/runner/dist/chunk-hooks.js:1433:51)\n    at callSuiteHook (file:///Volumes/Main%20SSD/CascadeProjects/RRA/node_modules/.pnpm/@vitest+runner@3.2.3/node_modules/@vitest/runner/dist/chunk-hooks.js:1439:25)\n    at processTicksAndRejections (node:internal/process/task_queues:105:5)\n    at callSuiteHook (file:///Volumes/Main%20SSD/CascadeProjects/RRA/node_modules/.pnpm/@vitest+runner@3.2.3/node_modules/@vitest/runner/dist/chunk-hooks.js:1426:21)\n    at runTest (file:///Volumes/Main%20SSD/CascadeProjects/RRA/node_modules/.pnpm/@vitest+runner@3.2.3/node_modules/@vitest/runner/dist/chunk-hooks.js:1563:26)"],"meta":{}},{"ancestorTitles":["Agent System","Router Functionality"],"fullName":"Agent System Router Functionality should classify question-answering intent correctly","status":"failed","title":"should classify question-answering intent correctly","duration":0.5969999999997526,"failureMessages":["TypeError: QAAgent is not a constructor\n    at /Volumes/Main SSD/CascadeProjects/RRA/lib/agents/agents.test.ts:94:15\n    at file:///Volumes/Main%20SSD/CascadeProjects/RRA/node_modules/.pnpm/@vitest+runner@3.2.3/node_modules/@vitest/runner/dist/chunk-hooks.js:155:11\n    at file:///Volumes/Main%20SSD/CascadeProjects/RRA/node_modules/.pnpm/@vitest+runner@3.2.3/node_modules/@vitest/runner/dist/chunk-hooks.js:1894:20\n    at new Promise (<anonymous>)\n    at runWithTimeout (file:///Volumes/Main%20SSD/CascadeProjects/RRA/node_modules/.pnpm/@vitest+runner@3.2.3/node_modules/@vitest/runner/dist/chunk-hooks.js:1860:10)\n    at runHook (file:///Volumes/Main%20SSD/CascadeProjects/RRA/node_modules/.pnpm/@vitest+runner@3.2.3/node_modules/@vitest/runner/dist/chunk-hooks.js:1433:51)\n    at callSuiteHook (file:///Volumes/Main%20SSD/CascadeProjects/RRA/node_modules/.pnpm/@vitest+runner@3.2.3/node_modules/@vitest/runner/dist/chunk-hooks.js:1439:25)\n    at processTicksAndRejections (node:internal/process/task_queues:105:5)\n    at callSuiteHook (file:///Volumes/Main%20SSD/CascadeProjects/RRA/node_modules/.pnpm/@vitest+runner@3.2.3/node_modules/@vitest/runner/dist/chunk-hooks.js:1426:21)\n    at runTest (file:///Volumes/Main%20SSD/CascadeProjects/RRA/node_modules/.pnpm/@vitest+runner@3.2.3/node_modules/@vitest/runner/dist/chunk-hooks.js:1563:26)"],"meta":{}},{"ancestorTitles":["Agent System","Router Functionality"],"fullName":"Agent System Router Functionality should classify rewriting intent correctly","status":"failed","title":"should classify rewriting intent correctly","duration":0.9892080000008718,"failureMessages":["TypeError: QAAgent is not a constructor\n    at /Volumes/Main SSD/CascadeProjects/RRA/lib/agents/agents.test.ts:94:15\n    at file:///Volumes/Main%20SSD/CascadeProjects/RRA/node_modules/.pnpm/@vitest+runner@3.2.3/node_modules/@vitest/runner/dist/chunk-hooks.js:155:11\n    at file:///Volumes/Main%20SSD/CascadeProjects/RRA/node_modules/.pnpm/@vitest+runner@3.2.3/node_modules/@vitest/runner/dist/chunk-hooks.js:1894:20\n    at new Promise (<anonymous>)\n    at runWithTimeout (file:///Volumes/Main%20SSD/CascadeProjects/RRA/node_modules/.pnpm/@vitest+runner@3.2.3/node_modules/@vitest/runner/dist/chunk-hooks.js:1860:10)\n    at runHook (file:///Volumes/Main%20SSD/CascadeProjects/RRA/node_modules/.pnpm/@vitest+runner@3.2.3/node_modules/@vitest/runner/dist/chunk-hooks.js:1433:51)\n    at callSuiteHook (file:///Volumes/Main%20SSD/CascadeProjects/RRA/node_modules/.pnpm/@vitest+runner@3.2.3/node_modules/@vitest/runner/dist/chunk-hooks.js:1439:25)\n    at processTicksAndRejections (node:internal/process/task_queues:105:5)\n    at callSuiteHook (file:///Volumes/Main%20SSD/CascadeProjects/RRA/node_modules/.pnpm/@vitest+runner@3.2.3/node_modules/@vitest/runner/dist/chunk-hooks.js:1426:21)\n    at runTest (file:///Volumes/Main%20SSD/CascadeProjects/RRA/node_modules/.pnpm/@vitest+runner@3.2.3/node_modules/@vitest/runner/dist/chunk-hooks.js:1563:26)"],"meta":{}},{"ancestorTitles":["Agent System","Router Functionality"],"fullName":"Agent System Router Functionality should classify planning intent correctly","status":"failed","title":"should classify planning intent correctly","duration":0.195584000000963,"failureMessages":["TypeError: QAAgent is not a constructor\n    at /Volumes/Main SSD/CascadeProjects/RRA/lib/agents/agents.test.ts:94:15\n    at file:///Volumes/Main%20SSD/CascadeProjects/RRA/node_modules/.pnpm/@vitest+runner@3.2.3/node_modules/@vitest/runner/dist/chunk-hooks.js:155:11\n    at file:///Volumes/Main%20SSD/CascadeProjects/RRA/node_modules/.pnpm/@vitest+runner@3.2.3/node_modules/@vitest/runner/dist/chunk-hooks.js:1894:20\n    at new Promise (<anonymous>)\n    at runWithTimeout (file:///Volumes/Main%20SSD/CascadeProjects/RRA/node_modules/.pnpm/@vitest+runner@3.2.3/node_modules/@vitest/runner/dist/chunk-hooks.js:1860:10)\n    at runHook (file:///Volumes/Main%20SSD/CascadeProjects/RRA/node_modules/.pnpm/@vitest+runner@3.2.3/node_modules/@vitest/runner/dist/chunk-hooks.js:1433:51)\n    at callSuiteHook (file:///Volumes/Main%20SSD/CascadeProjects/RRA/node_modules/.pnpm/@vitest+runner@3.2.3/node_modules/@vitest/runner/dist/chunk-hooks.js:1439:25)\n    at processTicksAndRejections (node:internal/process/task_queues:105:5)\n    at callSuiteHook (file:///Volumes/Main%20SSD/CascadeProjects/RRA/node_modules/.pnpm/@vitest+runner@3.2.3/node_modules/@vitest/runner/dist/chunk-hooks.js:1426:21)\n    at runTest (file:///Volumes/Main%20SSD/CascadeProjects/RRA/node_modules/.pnpm/@vitest+runner@3.2.3/node_modules/@vitest/runner/dist/chunk-hooks.js:1563:26)"],"meta":{}},{"ancestorTitles":["Agent System","Router Functionality"],"fullName":"Agent System Router Functionality should analyze query complexity correctly","status":"failed","title":"should analyze query complexity correctly","duration":0.20233299999927112,"failureMessages":["TypeError: QAAgent is not a constructor\n    at /Volumes/Main SSD/CascadeProjects/RRA/lib/agents/agents.test.ts:94:15\n    at file:///Volumes/Main%20SSD/CascadeProjects/RRA/node_modules/.pnpm/@vitest+runner@3.2.3/node_modules/@vitest/runner/dist/chunk-hooks.js:155:11\n    at file:///Volumes/Main%20SSD/CascadeProjects/RRA/node_modules/.pnpm/@vitest+runner@3.2.3/node_modules/@vitest/runner/dist/chunk-hooks.js:1894:20\n    at new Promise (<anonymous>)\n    at runWithTimeout (file:///Volumes/Main%20SSD/CascadeProjects/RRA/node_modules/.pnpm/@vitest+runner@3.2.3/node_modules/@vitest/runner/dist/chunk-hooks.js:1860:10)\n    at runHook (file:///Volumes/Main%20SSD/CascadeProjects/RRA/node_modules/.pnpm/@vitest+runner@3.2.3/node_modules/@vitest/runner/dist/chunk-hooks.js:1433:51)\n    at callSuiteHook (file:///Volumes/Main%20SSD/CascadeProjects/RRA/node_modules/.pnpm/@vitest+runner@3.2.3/node_modules/@vitest/runner/dist/chunk-hooks.js:1439:25)\n    at processTicksAndRejections (node:internal/process/task_queues:105:5)\n    at callSuiteHook (file:///Volumes/Main%20SSD/CascadeProjects/RRA/node_modules/.pnpm/@vitest+runner@3.2.3/node_modules/@vitest/runner/dist/chunk-hooks.js:1426:21)\n    at runTest (file:///Volumes/Main%20SSD/CascadeProjects/RRA/node_modules/.pnpm/@vitest+runner@3.2.3/node_modules/@vitest/runner/dist/chunk-hooks.js:1563:26)"],"meta":{}},{"ancestorTitles":["Agent System","Router Functionality"],"fullName":"Agent System Router Functionality should route queries to appropriate agents","status":"failed","title":"should route queries to appropriate agents","duration":0.13495899999907124,"failureMessages":["TypeError: QAAgent is not a constructor\n    at /Volumes/Main SSD/CascadeProjects/RRA/lib/agents/agents.test.ts:94:15\n    at file:///Volumes/Main%20SSD/CascadeProjects/RRA/node_modules/.pnpm/@vitest+runner@3.2.3/node_modules/@vitest/runner/dist/chunk-hooks.js:155:11\n    at file:///Volumes/Main%20SSD/CascadeProjects/RRA/node_modules/.pnpm/@vitest+runner@3.2.3/node_modules/@vitest/runner/dist/chunk-hooks.js:1894:20\n    at new Promise (<anonymous>)\n    at runWithTimeout (file:///Volumes/Main%20SSD/CascadeProjects/RRA/node_modules/.pnpm/@vitest+runner@3.2.3/node_modules/@vitest/runner/dist/chunk-hooks.js:1860:10)\n    at runHook (file:///Volumes/Main%20SSD/CascadeProjects/RRA/node_modules/.pnpm/@vitest+runner@3.2.3/node_modules/@vitest/runner/dist/chunk-hooks.js:1433:51)\n    at callSuiteHook (file:///Volumes/Main%20SSD/CascadeProjects/RRA/node_modules/.pnpm/@vitest+runner@3.2.3/node_modules/@vitest/runner/dist/chunk-hooks.js:1439:25)\n    at processTicksAndRejections (node:internal/process/task_queues:105:5)\n    at callSuiteHook (file:///Volumes/Main%20SSD/CascadeProjects/RRA/node_modules/.pnpm/@vitest+runner@3.2.3/node_modules/@vitest/runner/dist/chunk-hooks.js:1426:21)\n    at runTest (file:///Volumes/Main%20SSD/CascadeProjects/RRA/node_modules/.pnpm/@vitest+runner@3.2.3/node_modules/@vitest/runner/dist/chunk-hooks.js:1563:26)"],"meta":{}},{"ancestorTitles":["Agent System","Agent Processing"],"fullName":"Agent System Agent Processing should process requests with QA agent","status":"failed","title":"should process requests with QA agent","duration":0.12845800000104646,"failureMessages":["TypeError: QAAgent is not a constructor\n    at /Volumes/Main SSD/CascadeProjects/RRA/lib/agents/agents.test.ts:94:15\n    at file:///Volumes/Main%20SSD/CascadeProjects/RRA/node_modules/.pnpm/@vitest+runner@3.2.3/node_modules/@vitest/runner/dist/chunk-hooks.js:155:11\n    at file:///Volumes/Main%20SSD/CascadeProjects/RRA/node_modules/.pnpm/@vitest+runner@3.2.3/node_modules/@vitest/runner/dist/chunk-hooks.js:1894:20\n    at new Promise (<anonymous>)\n    at runWithTimeout (file:///Volumes/Main%20SSD/CascadeProjects/RRA/node_modules/.pnpm/@vitest+runner@3.2.3/node_modules/@vitest/runner/dist/chunk-hooks.js:1860:10)\n    at runHook (file:///Volumes/Main%20SSD/CascadeProjects/RRA/node_modules/.pnpm/@vitest+runner@3.2.3/node_modules/@vitest/runner/dist/chunk-hooks.js:1433:51)\n    at callSuiteHook (file:///Volumes/Main%20SSD/CascadeProjects/RRA/node_modules/.pnpm/@vitest+runner@3.2.3/node_modules/@vitest/runner/dist/chunk-hooks.js:1439:25)\n    at processTicksAndRejections (node:internal/process/task_queues:105:5)\n    at callSuiteHook (file:///Volumes/Main%20SSD/CascadeProjects/RRA/node_modules/.pnpm/@vitest+runner@3.2.3/node_modules/@vitest/runner/dist/chunk-hooks.js:1426:21)\n    at runTest (file:///Volumes/Main%20SSD/CascadeProjects/RRA/node_modules/.pnpm/@vitest+runner@3.2.3/node_modules/@vitest/runner/dist/chunk-hooks.js:1563:26)"],"meta":{}},{"ancestorTitles":["Agent System","Agent Processing"],"fullName":"Agent System Agent Processing should process requests with Rewrite agent","status":"failed","title":"should process requests with Rewrite agent","duration":0.12358299999868905,"failureMessages":["TypeError: QAAgent is not a constructor\n    at /Volumes/Main SSD/CascadeProjects/RRA/lib/agents/agents.test.ts:94:15\n    at file:///Volumes/Main%20SSD/CascadeProjects/RRA/node_modules/.pnpm/@vitest+runner@3.2.3/node_modules/@vitest/runner/dist/chunk-hooks.js:155:11\n    at file:///Volumes/Main%20SSD/CascadeProjects/RRA/node_modules/.pnpm/@vitest+runner@3.2.3/node_modules/@vitest/runner/dist/chunk-hooks.js:1894:20\n    at new Promise (<anonymous>)\n    at runWithTimeout (file:///Volumes/Main%20SSD/CascadeProjects/RRA/node_modules/.pnpm/@vitest+runner@3.2.3/node_modules/@vitest/runner/dist/chunk-hooks.js:1860:10)\n    at runHook (file:///Volumes/Main%20SSD/CascadeProjects/RRA/node_modules/.pnpm/@vitest+runner@3.2.3/node_modules/@vitest/runner/dist/chunk-hooks.js:1433:51)\n    at callSuiteHook (file:///Volumes/Main%20SSD/CascadeProjects/RRA/node_modules/.pnpm/@vitest+runner@3.2.3/node_modules/@vitest/runner/dist/chunk-hooks.js:1439:25)\n    at processTicksAndRejections (node:internal/process/task_queues:105:5)\n    at callSuiteHook (file:///Volumes/Main%20SSD/CascadeProjects/RRA/node_modules/.pnpm/@vitest+runner@3.2.3/node_modules/@vitest/runner/dist/chunk-hooks.js:1426:21)\n    at runTest (file:///Volumes/Main%20SSD/CascadeProjects/RRA/node_modules/.pnpm/@vitest+runner@3.2.3/node_modules/@vitest/runner/dist/chunk-hooks.js:1563:26)"],"meta":{}},{"ancestorTitles":["Agent System","Agent Processing"],"fullName":"Agent System Agent Processing should process requests with Planner agent","status":"failed","title":"should process requests with Planner agent","duration":0.13758299999972223,"failureMessages":["TypeError: QAAgent is not a constructor\n    at /Volumes/Main SSD/CascadeProjects/RRA/lib/agents/agents.test.ts:94:15\n    at file:///Volumes/Main%20SSD/CascadeProjects/RRA/node_modules/.pnpm/@vitest+runner@3.2.3/node_modules/@vitest/runner/dist/chunk-hooks.js:155:11\n    at file:///Volumes/Main%20SSD/CascadeProjects/RRA/node_modules/.pnpm/@vitest+runner@3.2.3/node_modules/@vitest/runner/dist/chunk-hooks.js:1894:20\n    at new Promise (<anonymous>)\n    at runWithTimeout (file:///Volumes/Main%20SSD/CascadeProjects/RRA/node_modules/.pnpm/@vitest+runner@3.2.3/node_modules/@vitest/runner/dist/chunk-hooks.js:1860:10)\n    at runHook (file:///Volumes/Main%20SSD/CascadeProjects/RRA/node_modules/.pnpm/@vitest+runner@3.2.3/node_modules/@vitest/runner/dist/chunk-hooks.js:1433:51)\n    at callSuiteHook (file:///Volumes/Main%20SSD/CascadeProjects/RRA/node_modules/.pnpm/@vitest+runner@3.2.3/node_modules/@vitest/runner/dist/chunk-hooks.js:1439:25)\n    at processTicksAndRejections (node:internal/process/task_queues:105:5)\n    at callSuiteHook (file:///Volumes/Main%20SSD/CascadeProjects/RRA/node_modules/.pnpm/@vitest+runner@3.2.3/node_modules/@vitest/runner/dist/chunk-hooks.js:1426:21)\n    at runTest (file:///Volumes/Main%20SSD/CascadeProjects/RRA/node_modules/.pnpm/@vitest+runner@3.2.3/node_modules/@vitest/runner/dist/chunk-hooks.js:1563:26)"],"meta":{}},{"ancestorTitles":["Agent System","Agent Processing"],"fullName":"Agent System Agent Processing should process requests with Research agent","status":"failed","title":"should process requests with Research agent","duration":0.1200410000001284,"failureMessages":["TypeError: QAAgent is not a constructor\n    at /Volumes/Main SSD/CascadeProjects/RRA/lib/agents/agents.test.ts:94:15\n    at file:///Volumes/Main%20SSD/CascadeProjects/RRA/node_modules/.pnpm/@vitest+runner@3.2.3/node_modules/@vitest/runner/dist/chunk-hooks.js:155:11\n    at file:///Volumes/Main%20SSD/CascadeProjects/RRA/node_modules/.pnpm/@vitest+runner@3.2.3/node_modules/@vitest/runner/dist/chunk-hooks.js:1894:20\n    at new Promise (<anonymous>)\n    at runWithTimeout (file:///Volumes/Main%20SSD/CascadeProjects/RRA/node_modules/.pnpm/@vitest+runner@3.2.3/node_modules/@vitest/runner/dist/chunk-hooks.js:1860:10)\n    at runHook (file:///Volumes/Main%20SSD/CascadeProjects/RRA/node_modules/.pnpm/@vitest+runner@3.2.3/node_modules/@vitest/runner/dist/chunk-hooks.js:1433:51)\n    at callSuiteHook (file:///Volumes/Main%20SSD/CascadeProjects/RRA/node_modules/.pnpm/@vitest+runner@3.2.3/node_modules/@vitest/runner/dist/chunk-hooks.js:1439:25)\n    at processTicksAndRejections (node:internal/process/task_queues:105:5)\n    at callSuiteHook (file:///Volumes/Main%20SSD/CascadeProjects/RRA/node_modules/.pnpm/@vitest+runner@3.2.3/node_modules/@vitest/runner/dist/chunk-hooks.js:1426:21)\n    at runTest (file:///Volumes/Main%20SSD/CascadeProjects/RRA/node_modules/.pnpm/@vitest+runner@3.2.3/node_modules/@vitest/runner/dist/chunk-hooks.js:1563:26)"],"meta":{}},{"ancestorTitles":["Agent System","Orchestrator"],"fullName":"Agent System Orchestrator should orchestrate requests through appropriate agents","status":"failed","title":"should orchestrate requests through appropriate agents","duration":1.9449170000007143,"failureMessages":["TypeError: QAAgent is not a constructor\n    at /Volumes/Main SSD/CascadeProjects/RRA/lib/agents/agents.test.ts:94:15\n    at file:///Volumes/Main%20SSD/CascadeProjects/RRA/node_modules/.pnpm/@vitest+runner@3.2.3/node_modules/@vitest/runner/dist/chunk-hooks.js:155:11\n    at file:///Volumes/Main%20SSD/CascadeProjects/RRA/node_modules/.pnpm/@vitest+runner@3.2.3/node_modules/@vitest/runner/dist/chunk-hooks.js:1894:20\n    at new Promise (<anonymous>)\n    at runWithTimeout (file:///Volumes/Main%20SSD/CascadeProjects/RRA/node_modules/.pnpm/@vitest+runner@3.2.3/node_modules/@vitest/runner/dist/chunk-hooks.js:1860:10)\n    at runHook (file:///Volumes/Main%20SSD/CascadeProjects/RRA/node_modules/.pnpm/@vitest+runner@3.2.3/node_modules/@vitest/runner/dist/chunk-hooks.js:1433:51)\n    at callSuiteHook (file:///Volumes/Main%20SSD/CascadeProjects/RRA/node_modules/.pnpm/@vitest+runner@3.2.3/node_modules/@vitest/runner/dist/chunk-hooks.js:1439:25)\n    at processTicksAndRejections (node:internal/process/task_queues:105:5)\n    at callSuiteHook (file:///Volumes/Main%20SSD/CascadeProjects/RRA/node_modules/.pnpm/@vitest+runner@3.2.3/node_modules/@vitest/runner/dist/chunk-hooks.js:1426:21)\n    at runTest (file:///Volumes/Main%20SSD/CascadeProjects/RRA/node_modules/.pnpm/@vitest+runner@3.2.3/node_modules/@vitest/runner/dist/chunk-hooks.js:1563:26)"],"meta":{}},{"ancestorTitles":["Agent System","Orchestrator"],"fullName":"Agent System Orchestrator should support streaming responses","status":"failed","title":"should support streaming responses","duration":0.2805419999986043,"failureMessages":["TypeError: QAAgent is not a constructor\n    at /Volumes/Main SSD/CascadeProjects/RRA/lib/agents/agents.test.ts:94:15\n    at file:///Volumes/Main%20SSD/CascadeProjects/RRA/node_modules/.pnpm/@vitest+runner@3.2.3/node_modules/@vitest/runner/dist/chunk-hooks.js:155:11\n    at file:///Volumes/Main%20SSD/CascadeProjects/RRA/node_modules/.pnpm/@vitest+runner@3.2.3/node_modules/@vitest/runner/dist/chunk-hooks.js:1894:20\n    at new Promise (<anonymous>)\n    at runWithTimeout (file:///Volumes/Main%20SSD/CascadeProjects/RRA/node_modules/.pnpm/@vitest+runner@3.2.3/node_modules/@vitest/runner/dist/chunk-hooks.js:1860:10)\n    at runHook (file:///Volumes/Main%20SSD/CascadeProjects/RRA/node_modules/.pnpm/@vitest+runner@3.2.3/node_modules/@vitest/runner/dist/chunk-hooks.js:1433:51)\n    at callSuiteHook (file:///Volumes/Main%20SSD/CascadeProjects/RRA/node_modules/.pnpm/@vitest+runner@3.2.3/node_modules/@vitest/runner/dist/chunk-hooks.js:1439:25)\n    at processTicksAndRejections (node:internal/process/task_queues:105:5)\n    at callSuiteHook (file:///Volumes/Main%20SSD/CascadeProjects/RRA/node_modules/.pnpm/@vitest+runner@3.2.3/node_modules/@vitest/runner/dist/chunk-hooks.js:1426:21)\n    at runTest (file:///Volumes/Main%20SSD/CascadeProjects/RRA/node_modules/.pnpm/@vitest+runner@3.2.3/node_modules/@vitest/runner/dist/chunk-hooks.js:1563:26)"],"meta":{}},{"ancestorTitles":["Agent System","Orchestrator"],"fullName":"Agent System Orchestrator should handle fallback agents on errors","status":"failed","title":"should handle fallback agents on errors","duration":1.0374169999995502,"failureMessages":["TypeError: QAAgent is not a constructor\n    at /Volumes/Main SSD/CascadeProjects/RRA/lib/agents/agents.test.ts:94:15\n    at file:///Volumes/Main%20SSD/CascadeProjects/RRA/node_modules/.pnpm/@vitest+runner@3.2.3/node_modules/@vitest/runner/dist/chunk-hooks.js:155:11\n    at file:///Volumes/Main%20SSD/CascadeProjects/RRA/node_modules/.pnpm/@vitest+runner@3.2.3/node_modules/@vitest/runner/dist/chunk-hooks.js:1894:20\n    at new Promise (<anonymous>)\n    at runWithTimeout (file:///Volumes/Main%20SSD/CascadeProjects/RRA/node_modules/.pnpm/@vitest+runner@3.2.3/node_modules/@vitest/runner/dist/chunk-hooks.js:1860:10)\n    at runHook (file:///Volumes/Main%20SSD/CascadeProjects/RRA/node_modules/.pnpm/@vitest+runner@3.2.3/node_modules/@vitest/runner/dist/chunk-hooks.js:1433:51)\n    at callSuiteHook (file:///Volumes/Main%20SSD/CascadeProjects/RRA/node_modules/.pnpm/@vitest+runner@3.2.3/node_modules/@vitest/runner/dist/chunk-hooks.js:1439:25)\n    at processTicksAndRejections (node:internal/process/task_queues:105:5)\n    at callSuiteHook (file:///Volumes/Main%20SSD/CascadeProjects/RRA/node_modules/.pnpm/@vitest+runner@3.2.3/node_modules/@vitest/runner/dist/chunk-hooks.js:1426:21)\n    at runTest (file:///Volumes/Main%20SSD/CascadeProjects/RRA/node_modules/.pnpm/@vitest+runner@3.2.3/node_modules/@vitest/runner/dist/chunk-hooks.js:1563:26)"],"meta":{}},{"ancestorTitles":["Agent System","Orchestrator"],"fullName":"Agent System Orchestrator should provide health check functionality","status":"failed","title":"should provide health check functionality","duration":0.35041699999965203,"failureMessages":["TypeError: QAAgent is not a constructor\n    at /Volumes/Main SSD/CascadeProjects/RRA/lib/agents/agents.test.ts:94:15\n    at file:///Volumes/Main%20SSD/CascadeProjects/RRA/node_modules/.pnpm/@vitest+runner@3.2.3/node_modules/@vitest/runner/dist/chunk-hooks.js:155:11\n    at file:///Volumes/Main%20SSD/CascadeProjects/RRA/node_modules/.pnpm/@vitest+runner@3.2.3/node_modules/@vitest/runner/dist/chunk-hooks.js:1894:20\n    at new Promise (<anonymous>)\n    at runWithTimeout (file:///Volumes/Main%20SSD/CascadeProjects/RRA/node_modules/.pnpm/@vitest+runner@3.2.3/node_modules/@vitest/runner/dist/chunk-hooks.js:1860:10)\n    at runHook (file:///Volumes/Main%20SSD/CascadeProjects/RRA/node_modules/.pnpm/@vitest+runner@3.2.3/node_modules/@vitest/runner/dist/chunk-hooks.js:1433:51)\n    at callSuiteHook (file:///Volumes/Main%20SSD/CascadeProjects/RRA/node_modules/.pnpm/@vitest+runner@3.2.3/node_modules/@vitest/runner/dist/chunk-hooks.js:1439:25)\n    at processTicksAndRejections (node:internal/process/task_queues:105:5)\n    at callSuiteHook (file:///Volumes/Main%20SSD/CascadeProjects/RRA/node_modules/.pnpm/@vitest+runner@3.2.3/node_modules/@vitest/runner/dist/chunk-hooks.js:1426:21)\n    at runTest (file:///Volumes/Main%20SSD/CascadeProjects/RRA/node_modules/.pnpm/@vitest+runner@3.2.3/node_modules/@vitest/runner/dist/chunk-hooks.js:1563:26)"],"meta":{}},{"ancestorTitles":["Agent System","Orchestrator"],"fullName":"Agent System Orchestrator should provide agent capabilities","status":"failed","title":"should provide agent capabilities","duration":0.3172080000003916,"failureMessages":["TypeError: QAAgent is not a constructor\n    at /Volumes/Main SSD/CascadeProjects/RRA/lib/agents/agents.test.ts:94:15\n    at file:///Volumes/Main%20SSD/CascadeProjects/RRA/node_modules/.pnpm/@vitest+runner@3.2.3/node_modules/@vitest/runner/dist/chunk-hooks.js:155:11\n    at file:///Volumes/Main%20SSD/CascadeProjects/RRA/node_modules/.pnpm/@vitest+runner@3.2.3/node_modules/@vitest/runner/dist/chunk-hooks.js:1894:20\n    at new Promise (<anonymous>)\n    at runWithTimeout (file:///Volumes/Main%20SSD/CascadeProjects/RRA/node_modules/.pnpm/@vitest+runner@3.2.3/node_modules/@vitest/runner/dist/chunk-hooks.js:1860:10)\n    at runHook (file:///Volumes/Main%20SSD/CascadeProjects/RRA/node_modules/.pnpm/@vitest+runner@3.2.3/node_modules/@vitest/runner/dist/chunk-hooks.js:1433:51)\n    at callSuiteHook (file:///Volumes/Main%20SSD/CascadeProjects/RRA/node_modules/.pnpm/@vitest+runner@3.2.3/node_modules/@vitest/runner/dist/chunk-hooks.js:1439:25)\n    at processTicksAndRejections (node:internal/process/task_queues:105:5)\n    at callSuiteHook (file:///Volumes/Main%20SSD/CascadeProjects/RRA/node_modules/.pnpm/@vitest+runner@3.2.3/node_modules/@vitest/runner/dist/chunk-hooks.js:1426:21)\n    at runTest (file:///Volumes/Main%20SSD/CascadeProjects/RRA/node_modules/.pnpm/@vitest+runner@3.2.3/node_modules/@vitest/runner/dist/chunk-hooks.js:1563:26)"],"meta":{}},{"ancestorTitles":["Agent System","Utility Functions"],"fullName":"Agent System Utility Functions should process queries through the main interface","status":"failed","title":"should process queries through the main interface","duration":0.6051250000000437,"failureMessages":["TypeError: QAAgent is not a constructor\n    at /Volumes/Main SSD/CascadeProjects/RRA/lib/agents/agents.test.ts:94:15\n    at file:///Volumes/Main%20SSD/CascadeProjects/RRA/node_modules/.pnpm/@vitest+runner@3.2.3/node_modules/@vitest/runner/dist/chunk-hooks.js:155:11\n    at file:///Volumes/Main%20SSD/CascadeProjects/RRA/node_modules/.pnpm/@vitest+runner@3.2.3/node_modules/@vitest/runner/dist/chunk-hooks.js:1894:20\n    at new Promise (<anonymous>)\n    at runWithTimeout (file:///Volumes/Main%20SSD/CascadeProjects/RRA/node_modules/.pnpm/@vitest+runner@3.2.3/node_modules/@vitest/runner/dist/chunk-hooks.js:1860:10)\n    at runHook (file:///Volumes/Main%20SSD/CascadeProjects/RRA/node_modules/.pnpm/@vitest+runner@3.2.3/node_modules/@vitest/runner/dist/chunk-hooks.js:1433:51)\n    at callSuiteHook (file:///Volumes/Main%20SSD/CascadeProjects/RRA/node_modules/.pnpm/@vitest+runner@3.2.3/node_modules/@vitest/runner/dist/chunk-hooks.js:1439:25)\n    at processTicksAndRejections (node:internal/process/task_queues:105:5)\n    at callSuiteHook (file:///Volumes/Main%20SSD/CascadeProjects/RRA/node_modules/.pnpm/@vitest+runner@3.2.3/node_modules/@vitest/runner/dist/chunk-hooks.js:1426:21)\n    at runTest (file:///Volumes/Main%20SSD/CascadeProjects/RRA/node_modules/.pnpm/@vitest+runner@3.2.3/node_modules/@vitest/runner/dist/chunk-hooks.js:1563:26)"],"meta":{}},{"ancestorTitles":["Agent System","Utility Functions"],"fullName":"Agent System Utility Functions should support query streaming through the main interface","status":"failed","title":"should support query streaming through the main interface","duration":0.5236249999998108,"failureMessages":["TypeError: QAAgent is not a constructor\n    at /Volumes/Main SSD/CascadeProjects/RRA/lib/agents/agents.test.ts:94:15\n    at file:///Volumes/Main%20SSD/CascadeProjects/RRA/node_modules/.pnpm/@vitest+runner@3.2.3/node_modules/@vitest/runner/dist/chunk-hooks.js:155:11\n    at file:///Volumes/Main%20SSD/CascadeProjects/RRA/node_modules/.pnpm/@vitest+runner@3.2.3/node_modules/@vitest/runner/dist/chunk-hooks.js:1894:20\n    at new Promise (<anonymous>)\n    at runWithTimeout (file:///Volumes/Main%20SSD/CascadeProjects/RRA/node_modules/.pnpm/@vitest+runner@3.2.3/node_modules/@vitest/runner/dist/chunk-hooks.js:1860:10)\n    at runHook (file:///Volumes/Main%20SSD/CascadeProjects/RRA/node_modules/.pnpm/@vitest+runner@3.2.3/node_modules/@vitest/runner/dist/chunk-hooks.js:1433:51)\n    at callSuiteHook (file:///Volumes/Main%20SSD/CascadeProjects/RRA/node_modules/.pnpm/@vitest+runner@3.2.3/node_modules/@vitest/runner/dist/chunk-hooks.js:1439:25)\n    at processTicksAndRejections (node:internal/process/task_queues:105:5)\n    at callSuiteHook (file:///Volumes/Main%20SSD/CascadeProjects/RRA/node_modules/.pnpm/@vitest+runner@3.2.3/node_modules/@vitest/runner/dist/chunk-hooks.js:1426:21)\n    at runTest (file:///Volumes/Main%20SSD/CascadeProjects/RRA/node_modules/.pnpm/@vitest+runner@3.2.3/node_modules/@vitest/runner/dist/chunk-hooks.js:1563:26)"],"meta":{}},{"ancestorTitles":["Agent System","Error Handling"],"fullName":"Agent System Error Handling should handle processing errors gracefully","status":"failed","title":"should handle processing errors gracefully","duration":0.17787499999940337,"failureMessages":["TypeError: QAAgent is not a constructor\n    at /Volumes/Main SSD/CascadeProjects/RRA/lib/agents/agents.test.ts:94:15\n    at file:///Volumes/Main%20SSD/CascadeProjects/RRA/node_modules/.pnpm/@vitest+runner@3.2.3/node_modules/@vitest/runner/dist/chunk-hooks.js:155:11\n    at file:///Volumes/Main%20SSD/CascadeProjects/RRA/node_modules/.pnpm/@vitest+runner@3.2.3/node_modules/@vitest/runner/dist/chunk-hooks.js:1894:20\n    at new Promise (<anonymous>)\n    at runWithTimeout (file:///Volumes/Main%20SSD/CascadeProjects/RRA/node_modules/.pnpm/@vitest+runner@3.2.3/node_modules/@vitest/runner/dist/chunk-hooks.js:1860:10)\n    at runHook (file:///Volumes/Main%20SSD/CascadeProjects/RRA/node_modules/.pnpm/@vitest+runner@3.2.3/node_modules/@vitest/runner/dist/chunk-hooks.js:1433:51)\n    at callSuiteHook (file:///Volumes/Main%20SSD/CascadeProjects/RRA/node_modules/.pnpm/@vitest+runner@3.2.3/node_modules/@vitest/runner/dist/chunk-hooks.js:1439:25)\n    at processTicksAndRejections (node:internal/process/task_queues:105:5)\n    at callSuiteHook (file:///Volumes/Main%20SSD/CascadeProjects/RRA/node_modules/.pnpm/@vitest+runner@3.2.3/node_modules/@vitest/runner/dist/chunk-hooks.js:1426:21)\n    at runTest (file:///Volumes/Main%20SSD/CascadeProjects/RRA/node_modules/.pnpm/@vitest+runner@3.2.3/node_modules/@vitest/runner/dist/chunk-hooks.js:1563:26)"],"meta":{}},{"ancestorTitles":["Agent System","Error Handling"],"fullName":"Agent System Error Handling should provide meaningful error messages","status":"failed","title":"should provide meaningful error messages","duration":0.14724999999998545,"failureMessages":["TypeError: QAAgent is not a constructor\n    at /Volumes/Main SSD/CascadeProjects/RRA/lib/agents/agents.test.ts:94:15\n    at file:///Volumes/Main%20SSD/CascadeProjects/RRA/node_modules/.pnpm/@vitest+runner@3.2.3/node_modules/@vitest/runner/dist/chunk-hooks.js:155:11\n    at file:///Volumes/Main%20SSD/CascadeProjects/RRA/node_modules/.pnpm/@vitest+runner@3.2.3/node_modules/@vitest/runner/dist/chunk-hooks.js:1894:20\n    at new Promise (<anonymous>)\n    at runWithTimeout (file:///Volumes/Main%20SSD/CascadeProjects/RRA/node_modules/.pnpm/@vitest+runner@3.2.3/node_modules/@vitest/runner/dist/chunk-hooks.js:1860:10)\n    at runHook (file:///Volumes/Main%20SSD/CascadeProjects/RRA/node_modules/.pnpm/@vitest+runner@3.2.3/node_modules/@vitest/runner/dist/chunk-hooks.js:1433:51)\n    at callSuiteHook (file:///Volumes/Main%20SSD/CascadeProjects/RRA/node_modules/.pnpm/@vitest+runner@3.2.3/node_modules/@vitest/runner/dist/chunk-hooks.js:1439:25)\n    at processTicksAndRejections (node:internal/process/task_queues:105:5)\n    at callSuiteHook (file:///Volumes/Main%20SSD/CascadeProjects/RRA/node_modules/.pnpm/@vitest+runner@3.2.3/node_modules/@vitest/runner/dist/chunk-hooks.js:1426:21)\n    at runTest (file:///Volumes/Main%20SSD/CascadeProjects/RRA/node_modules/.pnpm/@vitest+runner@3.2.3/node_modules/@vitest/runner/dist/chunk-hooks.js:1563:26)"],"meta":{}}],"startTime":1753033386944,"endTime":1753033386995.178,"status":"failed","message":"","name":"/Volumes/Main SSD/CascadeProjects/RRA/lib/agents/agents.test.ts"},{"assertionResults":[],"startTime":1753033373444,"endTime":1753033373444,"status":"failed","message":"No test suite found in file /Volumes/Main SSD/CascadeProjects/RRA/lib/db/queries.test.ts","name":"/Volumes/Main SSD/CascadeProjects/RRA/lib/db/queries.test.ts"},{"assertionResults":[{"ancestorTitles":["Cohere Embedding Service","Service Creation"],"fullName":"Cohere Embedding Service Service Creation should create Cohere service with valid configuration","status":"passed","title":"should create Cohere service with valid configuration","duration":3.840624999999818,"failureMessages":[],"meta":{}},{"ancestorTitles":["Cohere Embedding Service","Service Creation"],"fullName":"Cohere Embedding Service Service Creation should handle missing API key gracefully","status":"passed","title":"should handle missing API key gracefully","duration":1.7983750000003056,"failureMessages":[],"meta":{}},{"ancestorTitles":["Cohere Embedding Service","Text Embeddings"],"fullName":"Cohere Embedding Service Text Embeddings should embed single text successfully","status":"passed","title":"should embed single text successfully","duration":6.47925000000032,"failureMessages":[],"meta":{}},{"ancestorTitles":["Cohere Embedding Service","Text Embeddings"],"fullName":"Cohere Embedding Service Text Embeddings should embed multiple texts successfully","status":"passed","title":"should embed multiple texts successfully","duration":3.414042000000336,"failureMessages":[],"meta":{}},{"ancestorTitles":["Cohere Embedding Service","Text Embeddings"],"fullName":"Cohere Embedding Service Text Embeddings should handle text embedding errors","status":"passed","title":"should handle text embedding errors","duration":33.58774999999969,"failureMessages":[],"meta":{}},{"ancestorTitles":["Cohere Embedding Service","Image Embeddings"],"fullName":"Cohere Embedding Service Image Embeddings should embed image from URL successfully","status":"passed","title":"should embed image from URL successfully","duration":7.58358300000009,"failureMessages":[],"meta":{}},{"ancestorTitles":["Cohere Embedding Service","Image Embeddings"],"fullName":"Cohere Embedding Service Image Embeddings should embed multiple images successfully","status":"passed","title":"should embed multiple images successfully","duration":1.9992499999998472,"failureMessages":[],"meta":{}},{"ancestorTitles":["Cohere Embedding Service","Image Embeddings"],"fullName":"Cohere Embedding Service Image Embeddings should handle base64 images directly","status":"passed","title":"should handle base64 images directly","duration":10.771165999999994,"failureMessages":[],"meta":{}},{"ancestorTitles":["Cohere Embedding Service","Image Embeddings"],"fullName":"Cohere Embedding Service Image Embeddings should handle image fetch errors","status":"passed","title":"should handle image fetch errors","duration":5.2762079999997695,"failureMessages":[],"meta":{}},{"ancestorTitles":["Cohere Embedding Service","Document Embeddings"],"fullName":"Cohere Embedding Service Document Embeddings should embed mixed documents (text and images)","status":"passed","title":"should embed mixed documents (text and images)","duration":1.7722909999997682,"failureMessages":[],"meta":{}},{"ancestorTitles":["Cohere Embedding Service","Document Embeddings"],"fullName":"Cohere Embedding Service Document Embeddings should batch text documents efficiently","status":"passed","title":"should batch text documents efficiently","duration":1.0807920000002014,"failureMessages":[],"meta":{}},{"ancestorTitles":["Cohere Embedding Service","Disabled Service"],"fullName":"Cohere Embedding Service Disabled Service should throw error when trying to embed text with disabled service","status":"passed","title":"should throw error when trying to embed text with disabled service","duration":0.8705420000001141,"failureMessages":[],"meta":{}},{"ancestorTitles":["Cohere Embedding Service","Disabled Service"],"fullName":"Cohere Embedding Service Disabled Service should throw error when trying to embed images with disabled service","status":"passed","title":"should throw error when trying to embed images with disabled service","duration":12.259416999999758,"failureMessages":[],"meta":{}}],"startTime":1753033415480,"endTime":1753033415579.2595,"status":"passed","message":"","name":"/Volumes/Main SSD/CascadeProjects/RRA/lib/embeddings/cohere.test.ts"},{"assertionResults":[{"ancestorTitles":["Feedback Service","Service Creation"],"fullName":"Feedback Service Service Creation should create feedback service with valid database","status":"passed","title":"should create feedback service with valid database","duration":3.962749999999687,"failureMessages":[],"meta":{}},{"ancestorTitles":["Feedback Service","Submit Feedback"],"fullName":"Feedback Service Submit Feedback should submit positive feedback with comment","status":"passed","title":"should submit positive feedback with comment","duration":8.094417000000249,"failureMessages":[],"meta":{}},{"ancestorTitles":["Feedback Service","Submit Feedback"],"fullName":"Feedback Service Submit Feedback should submit negative feedback without comment","status":"passed","title":"should submit negative feedback without comment","duration":0.895832999999584,"failureMessages":[],"meta":{}},{"ancestorTitles":["Feedback Service","Submit Feedback"],"fullName":"Feedback Service Submit Feedback should validate feedback data","status":"passed","title":"should validate feedback data","duration":7.1431249999996,"failureMessages":[],"meta":{}},{"ancestorTitles":["Feedback Service","Submit Feedback"],"fullName":"Feedback Service Submit Feedback should handle database errors gracefully","status":"passed","title":"should handle database errors gracefully","duration":27.12779099999989,"failureMessages":[],"meta":{}},{"ancestorTitles":["Feedback Service","Get Feedback"],"fullName":"Feedback Service Get Feedback should retrieve feedback by run ID","status":"passed","title":"should retrieve feedback by run ID","duration":14.849208000000544,"failureMessages":[],"meta":{}},{"ancestorTitles":["Feedback Service","Get Feedback"],"fullName":"Feedback Service Get Feedback should return empty array for non-existent run ID","status":"passed","title":"should return empty array for non-existent run ID","duration":2.3881659999997282,"failureMessages":[],"meta":{}},{"ancestorTitles":["Feedback Service","Update Feedback"],"fullName":"Feedback Service Update Feedback should update existing feedback","status":"failed","title":"should update existing feedback","duration":12.625041000000238,"failureMessages":["TypeError: db.update(...).set(...).where(...).returning is not a function\n    at Object.updateFeedback (/Volumes/Main SSD/CascadeProjects/RRA/lib/feedback/feedback.ts:135:12)\n    at processTicksAndRejections (node:internal/process/task_queues:105:5)\n    at Module.updateFeedback (/Volumes/Main SSD/CascadeProjects/RRA/lib/feedback/feedback.ts:239:10)\n    at /Volumes/Main SSD/CascadeProjects/RRA/lib/feedback/feedback.test.ts:200:22\n    at file:///Volumes/Main%20SSD/CascadeProjects/RRA/node_modules/.pnpm/@vitest+runner@3.2.3/node_modules/@vitest/runner/dist/chunk-hooks.js:752:20"],"meta":{}},{"ancestorTitles":["Feedback Service","Update Feedback"],"fullName":"Feedback Service Update Feedback should handle update errors","status":"failed","title":"should handle update errors","duration":21.534333000000515,"failureMessages":["AssertionError: expected [Function] to throw error including 'Update failed' but got 'db.update(...).set(...).where(...).reâ€¦'\n    at Assertion.<anonymous> (file:///Volumes/Main%20SSD/CascadeProjects/RRA/node_modules/.pnpm/@vitest+expect@3.2.3/node_modules/@vitest/expect/dist/index.js:1411:16)\n    at Assertion.<anonymous> (file:///Volumes/Main%20SSD/CascadeProjects/RRA/node_modules/.pnpm/@vitest+expect@3.2.3/node_modules/@vitest/expect/dist/index.js:1022:14)\n    at Assertion.methodWrapper (file:///Volumes/Main%20SSD/CascadeProjects/RRA/node_modules/.pnpm/chai@5.2.0/node_modules/chai/chai.js:1618:25)\n    at file:///Volumes/Main%20SSD/CascadeProjects/RRA/node_modules/.pnpm/@vitest+expect@3.2.3/node_modules/@vitest/expect/dist/index.js:1630:20\n    at processTicksAndRejections (node:internal/process/task_queues:105:5)\n    at /Volumes/Main SSD/CascadeProjects/RRA/lib/feedback/feedback.test.ts:218:7\n    at file:///Volumes/Main%20SSD/CascadeProjects/RRA/node_modules/.pnpm/@vitest+runner@3.2.3/node_modules/@vitest/runner/dist/chunk-hooks.js:752:20"],"meta":{}},{"ancestorTitles":["Feedback Service","Feedback Stats"],"fullName":"Feedback Service Feedback Stats should calculate feedback statistics","status":"passed","title":"should calculate feedback statistics","duration":1.5209170000007362,"failureMessages":[],"meta":{}},{"ancestorTitles":["Feedback Service","Feedback Stats"],"fullName":"Feedback Service Feedback Stats should handle empty feedback","status":"passed","title":"should handle empty feedback","duration":2.4550829999998314,"failureMessages":[],"meta":{}},{"ancestorTitles":["Feedback Service","Batch Operations"],"fullName":"Feedback Service Batch Operations should submit multiple feedback items","status":"passed","title":"should submit multiple feedback items","duration":1.1310419999999795,"failureMessages":[],"meta":{}}],"startTime":1753033380466,"endTime":1753033380571.131,"status":"failed","message":"","name":"/Volumes/Main SSD/CascadeProjects/RRA/lib/feedback/feedback.test.ts"},{"assertionResults":[{"ancestorTitles":["LangSmith Service","Service Creation"],"fullName":"LangSmith Service Service Creation should create LangSmith service with valid configuration","status":"passed","title":"should create LangSmith service with valid configuration","duration":3.2855830000003152,"failureMessages":[],"meta":{}},{"ancestorTitles":["LangSmith Service","Service Creation"],"fullName":"LangSmith Service Service Creation should handle missing API key gracefully","status":"passed","title":"should handle missing API key gracefully","duration":1.680667000000085,"failureMessages":[],"meta":{}},{"ancestorTitles":["LangSmith Service","RAG Generation Tracking"],"fullName":"LangSmith Service RAG Generation Tracking should track RAG generation with proper metadata","status":"passed","title":"should track RAG generation with proper metadata","duration":20.6388750000001,"failureMessages":[],"meta":{}},{"ancestorTitles":["LangSmith Service","RAG Generation Tracking"],"fullName":"LangSmith Service RAG Generation Tracking should handle tracking errors gracefully","status":"passed","title":"should handle tracking errors gracefully","duration":38.30095799999981,"failureMessages":[],"meta":{}},{"ancestorTitles":["LangSmith Service","User Feedback"],"fullName":"LangSmith Service User Feedback should submit positive feedback with comment","status":"passed","title":"should submit positive feedback with comment","duration":2.001166999999896,"failureMessages":[],"meta":{}},{"ancestorTitles":["LangSmith Service","User Feedback"],"fullName":"LangSmith Service User Feedback should submit negative feedback without comment","status":"passed","title":"should submit negative feedback without comment","duration":0.3949999999999818,"failureMessages":[],"meta":{}},{"ancestorTitles":["LangSmith Service","User Feedback"],"fullName":"LangSmith Service User Feedback should handle feedback submission errors","status":"passed","title":"should handle feedback submission errors","duration":0.5454580000000533,"failureMessages":[],"meta":{}},{"ancestorTitles":["LangSmith Service","Disabled Service"],"fullName":"LangSmith Service Disabled Service should not track when service is disabled","status":"passed","title":"should not track when service is disabled","duration":13.308708000000024,"failureMessages":[],"meta":{}},{"ancestorTitles":["LangSmith Service","Disabled Service"],"fullName":"LangSmith Service Disabled Service should not submit feedback when service is disabled","status":"passed","title":"should not submit feedback when service is disabled","duration":4.022458999999799,"failureMessages":[],"meta":{}}],"startTime":1753033415964,"endTime":1753033416054.0225,"status":"passed","message":"","name":"/Volumes/Main SSD/CascadeProjects/RRA/lib/observability/langsmith.test.ts"},{"assertionResults":[{"ancestorTitles":["Enhanced Document Chunking - Basic Tests","Configuration"],"fullName":"Enhanced Document Chunking - Basic Tests Configuration should validate chunking configuration schema","status":"passed","title":"should validate chunking configuration schema","duration":5.068000000000211,"failureMessages":[],"meta":{}},{"ancestorTitles":["Enhanced Document Chunking - Basic Tests","Configuration"],"fullName":"Enhanced Document Chunking - Basic Tests Configuration should provide default values","status":"passed","title":"should provide default values","duration":2.1399169999999685,"failureMessages":[],"meta":{}},{"ancestorTitles":["Enhanced Document Chunking - Basic Tests","Basic Chunking"],"fullName":"Enhanced Document Chunking - Basic Tests Basic Chunking should create chunking service","status":"passed","title":"should create chunking service","duration":0.3201249999997344,"failureMessages":[],"meta":{}},{"ancestorTitles":["Enhanced Document Chunking - Basic Tests","Basic Chunking"],"fullName":"Enhanced Document Chunking - Basic Tests Basic Chunking should chunk simple document","status":"passed","title":"should chunk simple document","duration":3.9082499999999527,"failureMessages":[],"meta":{}},{"ancestorTitles":["Enhanced Document Chunking - Basic Tests","Basic Chunking"],"fullName":"Enhanced Document Chunking - Basic Tests Basic Chunking should preserve metadata","status":"passed","title":"should preserve metadata","duration":4.2718330000002425,"failureMessages":[],"meta":{}},{"ancestorTitles":["Enhanced Document Chunking - Basic Tests","Strategy Updates"],"fullName":"Enhanced Document Chunking - Basic Tests Strategy Updates should allow configuration updates","status":"passed","title":"should allow configuration updates","duration":0.23937500000010914,"failureMessages":[],"meta":{}},{"ancestorTitles":["Enhanced Document Chunking - Basic Tests","Edge Cases"],"fullName":"Enhanced Document Chunking - Basic Tests Edge Cases should handle empty documents","status":"passed","title":"should handle empty documents","duration":0.40837499999997817,"failureMessages":[],"meta":{}},{"ancestorTitles":["Enhanced Document Chunking - Basic Tests","Edge Cases"],"fullName":"Enhanced Document Chunking - Basic Tests Edge Cases should handle very short documents","status":"passed","title":"should handle very short documents","duration":0.1610000000000582,"failureMessages":[],"meta":{}}],"startTime":1753033416709,"endTime":1753033416726.4084,"status":"passed","message":"","name":"/Volumes/Main SSD/CascadeProjects/RRA/lib/rag/chunking.simple.test.ts"},{"assertionResults":[{"ancestorTitles":["Enhanced Document Chunking","Configuration Validation"],"fullName":"Enhanced Document Chunking Configuration Validation should validate chunking configuration schema","status":"passed","title":"should validate chunking configuration schema","duration":5.479499999999916,"failureMessages":[],"meta":{}},{"ancestorTitles":["Enhanced Document Chunking","Configuration Validation"],"fullName":"Enhanced Document Chunking Configuration Validation should provide default values for optional config","status":"passed","title":"should provide default values for optional config","duration":1.1148749999997563,"failureMessages":[],"meta":{}},{"ancestorTitles":["Enhanced Document Chunking","Configuration Validation"],"fullName":"Enhanced Document Chunking Configuration Validation should reject invalid configurations","status":"passed","title":"should reject invalid configurations","duration":1.3308750000001055,"failureMessages":[],"meta":{}},{"ancestorTitles":["Enhanced Document Chunking","Character-based Chunking"],"fullName":"Enhanced Document Chunking Character-based Chunking should chunk text by character count","status":"passed","title":"should chunk text by character count","duration":2.6845829999997477,"failureMessages":[],"meta":{}},{"ancestorTitles":["Enhanced Document Chunking","Character-based Chunking"],"fullName":"Enhanced Document Chunking Character-based Chunking should handle overlap correctly","status":"passed","title":"should handle overlap correctly","duration":1.3389579999998205,"failureMessages":[],"meta":{}},{"ancestorTitles":["Enhanced Document Chunking","Semantic Chunking"],"fullName":"Enhanced Document Chunking Semantic Chunking should respect paragraph boundaries","status":"passed","title":"should respect paragraph boundaries","duration":70.9925830000002,"failureMessages":[],"meta":{}},{"ancestorTitles":["Enhanced Document Chunking","Semantic Chunking"],"fullName":"Enhanced Document Chunking Semantic Chunking should detect different chunk types","status":"passed","title":"should detect different chunk types","duration":12.941584000000148,"failureMessages":[],"meta":{}},{"ancestorTitles":["Enhanced Document Chunking","Recursive Chunking"],"fullName":"Enhanced Document Chunking Recursive Chunking should break down large chunks recursively","status":"passed","title":"should break down large chunks recursively","duration":13.181875000000218,"failureMessages":[],"meta":{}},{"ancestorTitles":["Enhanced Document Chunking","Recursive Chunking"],"fullName":"Enhanced Document Chunking Recursive Chunking should try multiple separators","status":"passed","title":"should try multiple separators","duration":9.181415999999444,"failureMessages":[],"meta":{}},{"ancestorTitles":["Enhanced Document Chunking","Hybrid Chunking"],"fullName":"Enhanced Document Chunking Hybrid Chunking should combine semantic and recursive strategies","status":"passed","title":"should combine semantic and recursive strategies","duration":1.9793330000002243,"failureMessages":[],"meta":{}},{"ancestorTitles":["Enhanced Document Chunking","Specialized Chunking Strategies"],"fullName":"Enhanced Document Chunking Specialized Chunking Strategies should chunk by sentences","status":"passed","title":"should chunk by sentences","duration":49.74466600000051,"failureMessages":[],"meta":{}},{"ancestorTitles":["Enhanced Document Chunking","Specialized Chunking Strategies"],"fullName":"Enhanced Document Chunking Specialized Chunking Strategies should chunk by paragraphs","status":"passed","title":"should chunk by paragraphs","duration":1.0569169999998849,"failureMessages":[],"meta":{}},{"ancestorTitles":["Enhanced Document Chunking","Specialized Chunking Strategies"],"fullName":"Enhanced Document Chunking Specialized Chunking Strategies should handle code chunking","status":"passed","title":"should handle code chunking","duration":6.735082999999577,"failureMessages":[],"meta":{}},{"ancestorTitles":["Enhanced Document Chunking","Quality Validation"],"fullName":"Enhanced Document Chunking Quality Validation should calculate quality metrics","status":"passed","title":"should calculate quality metrics","duration":7.600542000000132,"failureMessages":[],"meta":{}},{"ancestorTitles":["Enhanced Document Chunking","Quality Validation"],"fullName":"Enhanced Document Chunking Quality Validation should validate chunk completeness","status":"passed","title":"should validate chunk completeness","duration":0.40512499999931606,"failureMessages":[],"meta":{}},{"ancestorTitles":["Enhanced Document Chunking","Boundary and Metadata Preservation"],"fullName":"Enhanced Document Chunking Boundary and Metadata Preservation should preserve document boundaries","status":"passed","title":"should preserve document boundaries","duration":0.7211669999996957,"failureMessages":[],"meta":{}},{"ancestorTitles":["Enhanced Document Chunking","Boundary and Metadata Preservation"],"fullName":"Enhanced Document Chunking Boundary and Metadata Preservation should preserve original metadata","status":"passed","title":"should preserve original metadata","duration":6.631959000000279,"failureMessages":[],"meta":{}},{"ancestorTitles":["Enhanced Document Chunking","Configuration Updates"],"fullName":"Enhanced Document Chunking Configuration Updates should allow strategy updates","status":"passed","title":"should allow strategy updates","duration":0.39337499999965075,"failureMessages":[],"meta":{}},{"ancestorTitles":["Enhanced Document Chunking","Configuration Updates"],"fullName":"Enhanced Document Chunking Configuration Updates should allow parameter updates","status":"passed","title":"should allow parameter updates","duration":10.269792000000052,"failureMessages":[],"meta":{}},{"ancestorTitles":["Enhanced Document Chunking","Factory Functions"],"fullName":"Enhanced Document Chunking Factory Functions should create chunking service with factory function","status":"passed","title":"should create chunking service with factory function","duration":3.2373749999997017,"failureMessages":[],"meta":{}},{"ancestorTitles":["Enhanced Document Chunking","Factory Functions"],"fullName":"Enhanced Document Chunking Factory Functions should chunk document with standalone function","status":"passed","title":"should chunk document with standalone function","duration":0.7930419999993319,"failureMessages":[],"meta":{}},{"ancestorTitles":["Enhanced Document Chunking","Error Handling"],"fullName":"Enhanced Document Chunking Error Handling should handle empty documents","status":"passed","title":"should handle empty documents","duration":0.6340000000000146,"failureMessages":[],"meta":{}},{"ancestorTitles":["Enhanced Document Chunking","Error Handling"],"fullName":"Enhanced Document Chunking Error Handling should handle very small documents","status":"passed","title":"should handle very small documents","duration":0.3425420000003214,"failureMessages":[],"meta":{}},{"ancestorTitles":["Enhanced Document Chunking","Error Handling"],"fullName":"Enhanced Document Chunking Error Handling should handle documents with only whitespace","status":"passed","title":"should handle documents with only whitespace","duration":0.17104199999994307,"failureMessages":[],"meta":{}},{"ancestorTitles":["Enhanced Document Chunking","Performance and Metrics"],"fullName":"Enhanced Document Chunking Performance and Metrics should provide performance metrics","status":"passed","title":"should provide performance metrics","duration":25.414749999999913,"failureMessages":[],"meta":{}},{"ancestorTitles":["Enhanced Document Chunking","Performance and Metrics"],"fullName":"Enhanced Document Chunking Performance and Metrics should calculate boundary coverage accurately","status":"passed","title":"should calculate boundary coverage accurately","duration":0.18412499999976717,"failureMessages":[],"meta":{}}],"startTime":1753033412599,"endTime":1753033412853.184,"status":"passed","message":"","name":"/Volumes/Main SSD/CascadeProjects/RRA/lib/rag/chunking.test.ts"},{"assertionResults":[],"startTime":1753033373444,"endTime":1753033373444,"status":"failed","message":"[vitest] No \"createOpenAI\" export is defined on the \"@ai-sdk/openai\" mock. Did you forget to return it from \"vi.mock\"?\nIf you need to partially mock a module, you can use \"importOriginal\" helper inside:\n","name":"/Volumes/Main SSD/CascadeProjects/RRA/lib/rag/rag.test.ts"},{"assertionResults":[{"ancestorTitles":["ErrorClassifier"],"fullName":"ErrorClassifier should classify network errors correctly","status":"passed","title":"should classify network errors correctly","duration":8.358541999999943,"failureMessages":[],"meta":{}},{"ancestorTitles":["ErrorClassifier"],"fullName":"ErrorClassifier should classify rate limit errors correctly","status":"passed","title":"should classify rate limit errors correctly","duration":0.5363750000001346,"failureMessages":[],"meta":{}},{"ancestorTitles":["ErrorClassifier"],"fullName":"ErrorClassifier should classify authentication errors as non-retryable","status":"passed","title":"should classify authentication errors as non-retryable","duration":0.3243330000000242,"failureMessages":[],"meta":{}},{"ancestorTitles":["ErrorClassifier"],"fullName":"ErrorClassifier should classify timeout errors correctly","status":"passed","title":"should classify timeout errors correctly","duration":0.17833299999983865,"failureMessages":[],"meta":{}},{"ancestorTitles":["ErrorClassifier"],"fullName":"ErrorClassifier should classify validation errors as non-retryable","status":"passed","title":"should classify validation errors as non-retryable","duration":0.7232909999997901,"failureMessages":[],"meta":{}},{"ancestorTitles":["ErrorClassifier"],"fullName":"ErrorClassifier should handle unknown errors with default classification","status":"passed","title":"should handle unknown errors with default classification","duration":0.14924999999993815,"failureMessages":[],"meta":{}},{"ancestorTitles":["RetryMechanism"],"fullName":"RetryMechanism should succeed on first attempt","status":"passed","title":"should succeed on first attempt","duration":2.9675419999998667,"failureMessages":[],"meta":{}},{"ancestorTitles":["RetryMechanism"],"fullName":"RetryMechanism should retry on retryable errors","status":"passed","title":"should retry on retryable errors","duration":24.15124999999989,"failureMessages":[],"meta":{}},{"ancestorTitles":["RetryMechanism"],"fullName":"RetryMechanism should not retry on non-retryable errors","status":"passed","title":"should not retry on non-retryable errors","duration":3.6687919999999394,"failureMessages":[],"meta":{}},{"ancestorTitles":["RetryMechanism"],"fullName":"RetryMechanism should respect max retries limit","status":"passed","title":"should respect max retries limit","duration":8.932124999999814,"failureMessages":[],"meta":{}},{"ancestorTitles":["RetryMechanism"],"fullName":"RetryMechanism should timeout long-running operations","status":"passed","title":"should timeout long-running operations","duration":7693.666208999999,"failureMessages":[],"meta":{}},{"ancestorTitles":["CircuitBreaker"],"fullName":"CircuitBreaker should start in CLOSED state","status":"passed","title":"should start in CLOSED state","duration":1.0886249999985012,"failureMessages":[],"meta":{}},{"ancestorTitles":["CircuitBreaker"],"fullName":"CircuitBreaker should trip to OPEN after failure threshold","status":"passed","title":"should trip to OPEN after failure threshold","duration":0.7117920000000595,"failureMessages":[],"meta":{}},{"ancestorTitles":["CircuitBreaker"],"fullName":"CircuitBreaker should reject calls when OPEN","status":"passed","title":"should reject calls when OPEN","duration":0.7453329999989364,"failureMessages":[],"meta":{}},{"ancestorTitles":["CircuitBreaker"],"fullName":"CircuitBreaker should transition to HALF_OPEN after recovery timeout","status":"passed","title":"should transition to HALF_OPEN after recovery timeout","duration":1.0681669999994483,"failureMessages":[],"meta":{}},{"ancestorTitles":["CircuitBreaker"],"fullName":"CircuitBreaker should close after successful operations in HALF_OPEN","status":"passed","title":"should close after successful operations in HALF_OPEN","duration":0.38641699999971024,"failureMessages":[],"meta":{}},{"ancestorTitles":["FallbackManager"],"fullName":"FallbackManager should use primary provider when available","status":"passed","title":"should use primary provider when available","duration":2.49474999999984,"failureMessages":[],"meta":{}},{"ancestorTitles":["FallbackManager"],"fullName":"FallbackManager should fallback to secondary when primary fails","status":"passed","title":"should fallback to secondary when primary fails","duration":0.6501660000012635,"failureMessages":[],"meta":{}},{"ancestorTitles":["FallbackManager"],"fullName":"FallbackManager should use emergency provider when all others fail","status":"passed","title":"should use emergency provider when all others fail","duration":3.603957999999693,"failureMessages":[],"meta":{}},{"ancestorTitles":["FallbackManager"],"fullName":"FallbackManager should respect provider availability","status":"passed","title":"should respect provider availability","duration":2.4873329999991256,"failureMessages":[],"meta":{}},{"ancestorTitles":["FallbackManager"],"fullName":"FallbackManager should cache successful results","status":"passed","title":"should cache successful results","duration":1.2356670000008307,"failureMessages":[],"meta":{}},{"ancestorTitles":["FallbackManager"],"fullName":"FallbackManager should handle provider timeouts","status":"passed","title":"should handle provider timeouts","duration":2.871333000000959,"failureMessages":[],"meta":{}},{"ancestorTitles":["GracefulDegradation"],"fullName":"GracefulDegradation should start at full service level","status":"passed","title":"should start at full service level","duration":1.103917000000365,"failureMessages":[],"meta":{}},{"ancestorTitles":["GracefulDegradation"],"fullName":"GracefulDegradation should degrade service level","status":"passed","title":"should degrade service level","duration":0.5061669999995502,"failureMessages":[],"meta":{}},{"ancestorTitles":["GracefulDegradation"],"fullName":"GracefulDegradation should track degradation reasons","status":"passed","title":"should track degradation reasons","duration":0.7861249999987194,"failureMessages":[],"meta":{}},{"ancestorTitles":["GracefulDegradation"],"fullName":"GracefulDegradation should allow recovery","status":"passed","title":"should allow recovery","duration":1.2276660000006814,"failureMessages":[],"meta":{}},{"ancestorTitles":["GracefulDegradation"],"fullName":"GracefulDegradation should check operation availability","status":"passed","title":"should check operation availability","duration":1.0344160000004194,"failureMessages":[],"meta":{}},{"ancestorTitles":["GracefulDegradation"],"fullName":"GracefulDegradation should reset completely","status":"passed","title":"should reset completely","duration":0.7108750000006694,"failureMessages":[],"meta":{}},{"ancestorTitles":["FaultTolerantService"],"fullName":"FaultTolerantService should execute successful operations","status":"passed","title":"should execute successful operations","duration":0.848667000000205,"failureMessages":[],"meta":{}},{"ancestorTitles":["FaultTolerantService"],"fullName":"FaultTolerantService should retry failed operations","status":"passed","title":"should retry failed operations","duration":0.6673330000012356,"failureMessages":[],"meta":{}},{"ancestorTitles":["FaultTolerantService"],"fullName":"FaultTolerantService should enforce service level requirements","status":"passed","title":"should enforce service level requirements","duration":4317.156875000001,"failureMessages":[],"meta":{}},{"ancestorTitles":["FaultTolerantService"],"fullName":"FaultTolerantService should collect metrics","status":"passed","title":"should collect metrics","duration":13.127249999999549,"failureMessages":[],"meta":{}},{"ancestorTitles":["FaultTolerantService"],"fullName":"FaultTolerantService should perform health checks","status":"passed","title":"should perform health checks","duration":16.49737499999901,"failureMessages":[],"meta":{}},{"ancestorTitles":["FaultToleranceFactory"],"fullName":"FaultToleranceFactory should create and cache services","status":"passed","title":"should create and cache services","duration":1.1206249999995634,"failureMessages":[],"meta":{}},{"ancestorTitles":["FaultToleranceFactory"],"fullName":"FaultToleranceFactory should create different services for different names","status":"passed","title":"should create different services for different names","duration":2.0027919999993173,"failureMessages":[],"meta":{}},{"ancestorTitles":["FaultToleranceFactory"],"fullName":"FaultToleranceFactory should get system health","status":"passed","title":"should get system health","duration":7.055082999999286,"failureMessages":[],"meta":{}},{"ancestorTitles":["FaultToleranceFactory"],"fullName":"FaultToleranceFactory should reset all services","status":"passed","title":"should reset all services","duration":1.7294590000001335,"failureMessages":[],"meta":{}}],"startTime":1753033412460,"endTime":1753033424589.7295,"status":"passed","message":"","name":"/Volumes/Main SSD/CascadeProjects/RRA/lib/vectorstore/fault-tolerance.test.ts"},{"assertionResults":[{"ancestorTitles":["PromptOptimizationEngine","classifyQuery"],"fullName":"PromptOptimizationEngine classifyQuery should classify technical queries correctly","status":"passed","title":"should classify technical queries correctly","duration":10.648333000000093,"failureMessages":[],"meta":{}},{"ancestorTitles":["PromptOptimizationEngine","classifyQuery"],"fullName":"PromptOptimizationEngine classifyQuery should classify troubleshooting queries correctly","status":"passed","title":"should classify troubleshooting queries correctly","duration":2.2040829999996276,"failureMessages":[],"meta":{}},{"ancestorTitles":["PromptOptimizationEngine","classifyQuery"],"fullName":"PromptOptimizationEngine classifyQuery should classify configuration queries correctly","status":"passed","title":"should classify configuration queries correctly","duration":0.657125000000633,"failureMessages":[],"meta":{}},{"ancestorTitles":["PromptOptimizationEngine","classifyQuery"],"fullName":"PromptOptimizationEngine classifyQuery should classify procedural queries correctly","status":"failed","title":"should classify procedural queries correctly","duration":26.329083000000537,"failureMessages":["AssertionError: expected 'configuration' to be 'procedural' // Object.is equality\n    at /Volumes/Main SSD/CascadeProjects/RRA/lib/vectorstore/prompt-optimization.test.ts:63:41\n    at processTicksAndRejections (node:internal/process/task_queues:105:5)\n    at file:///Volumes/Main%20SSD/CascadeProjects/RRA/node_modules/.pnpm/@vitest+runner@3.2.3/node_modules/@vitest/runner/dist/chunk-hooks.js:752:20"],"meta":{}},{"ancestorTitles":["PromptOptimizationEngine","determineComplexity"],"fullName":"PromptOptimizationEngine determineComplexity should classify basic queries","status":"passed","title":"should classify basic queries","duration":0.8865000000005239,"failureMessages":[],"meta":{}},{"ancestorTitles":["PromptOptimizationEngine","determineComplexity"],"fullName":"PromptOptimizationEngine determineComplexity should classify intermediate queries","status":"passed","title":"should classify intermediate queries","duration":0.9693749999996726,"failureMessages":[],"meta":{}},{"ancestorTitles":["PromptOptimizationEngine","determineComplexity"],"fullName":"PromptOptimizationEngine determineComplexity should classify advanced queries","status":"passed","title":"should classify advanced queries","duration":0.45125000000007276,"failureMessages":[],"meta":{}},{"ancestorTitles":["PromptOptimizationEngine","domain-specific optimization"],"fullName":"PromptOptimizationEngine domain-specific optimization should apply RoboRail domain context","status":"passed","title":"should apply RoboRail domain context","duration":0.9077500000003056,"failureMessages":[],"meta":{}},{"ancestorTitles":["PromptOptimizationEngine","domain-specific optimization"],"fullName":"PromptOptimizationEngine domain-specific optimization should include domain-specific keywords in expansion","status":"passed","title":"should include domain-specific keywords in expansion","duration":0.6525000000001455,"failureMessages":[],"meta":{}},{"ancestorTitles":["PromptOptimizationEngine","conversation context optimization"],"fullName":"PromptOptimizationEngine conversation context optimization should incorporate conversation history","status":"failed","title":"should incorporate conversation history","duration":5.352708999999777,"failureMessages":["AssertionError: expected false to be true // Object.is equality\n    at /Volumes/Main SSD/CascadeProjects/RRA/lib/vectorstore/prompt-optimization.test.ts:165:76\n    at processTicksAndRejections (node:internal/process/task_queues:105:5)\n    at file:///Volumes/Main%20SSD/CascadeProjects/RRA/node_modules/.pnpm/@vitest+runner@3.2.3/node_modules/@vitest/runner/dist/chunk-hooks.js:752:20"],"meta":{}},{"ancestorTitles":["PromptOptimizationEngine","conversation context optimization"],"fullName":"PromptOptimizationEngine conversation context optimization should include previous queries context","status":"passed","title":"should include previous queries context","duration":1.3911249999991924,"failureMessages":[],"meta":{}},{"ancestorTitles":["PromptOptimizationEngine","prompt template selection"],"fullName":"PromptOptimizationEngine prompt template selection should use appropriate template for query type","status":"passed","title":"should use appropriate template for query type","duration":1.380833000000166,"failureMessages":[],"meta":{}},{"ancestorTitles":["PromptOptimizationEngine","prompt template selection"],"fullName":"PromptOptimizationEngine prompt template selection should use expanded template for complex queries","status":"passed","title":"should use expanded template for complex queries","duration":0.5780839999997625,"failureMessages":[],"meta":{}},{"ancestorTitles":["PromptOptimizationEngine","relevance estimation"],"fullName":"PromptOptimizationEngine relevance estimation should estimate higher relevance for specific queries","status":"passed","title":"should estimate higher relevance for specific queries","duration":0.7952089999998861,"failureMessages":[],"meta":{}},{"ancestorTitles":["PromptOptimizationEngine","relevance estimation"],"fullName":"PromptOptimizationEngine relevance estimation should estimate lower relevance for vague queries","status":"passed","title":"should estimate lower relevance for vague queries","duration":0.3945000000003347,"failureMessages":[],"meta":{}},{"ancestorTitles":["QueryExpansionEngine","expandWithSynonyms"],"fullName":"QueryExpansionEngine expandWithSynonyms should expand automation terms with synonyms","status":"passed","title":"should expand automation terms with synonyms","duration":0.5197090000001481,"failureMessages":[],"meta":{}},{"ancestorTitles":["QueryExpansionEngine","expandWithSynonyms"],"fullName":"QueryExpansionEngine expandWithSynonyms should add related terms","status":"passed","title":"should add related terms","duration":0.08112499999970169,"failureMessages":[],"meta":{}},{"ancestorTitles":["QueryExpansionEngine","generateDomainVariations"],"fullName":"QueryExpansionEngine generateDomainVariations should generate RoboRail-specific variations","status":"passed","title":"should generate RoboRail-specific variations","duration":0.16104099999938626,"failureMessages":[],"meta":{}},{"ancestorTitles":["QueryExpansionEngine","generateDomainVariations"],"fullName":"QueryExpansionEngine generateDomainVariations should include domain keywords","status":"passed","title":"should include domain keywords","duration":0.0700829999996131,"failureMessages":[],"meta":{}},{"ancestorTitles":["QueryExpansionEngine","generateContextualVariations"],"fullName":"QueryExpansionEngine generateContextualVariations should generate variations based on conversation history","status":"passed","title":"should generate variations based on conversation history","duration":2.0366659999999683,"failureMessages":[],"meta":{}},{"ancestorTitles":["QueryExpansionEngine","generateContextualVariations"],"fullName":"QueryExpansionEngine generateContextualVariations should build on previous queries","status":"passed","title":"should build on previous queries","duration":0.29574999999931606,"failureMessages":[],"meta":{}},{"ancestorTitles":["ContextWindowManager","optimizeDocumentContext"],"fullName":"ContextWindowManager optimizeDocumentContext should optimize large document sets","status":"passed","title":"should optimize large document sets","duration":2.731499999999869,"failureMessages":[],"meta":{}},{"ancestorTitles":["ContextWindowManager","optimizeDocumentContext"],"fullName":"ContextWindowManager optimizeDocumentContext should summarize documents when context limit is exceeded","status":"failed","title":"should summarize documents when context limit is exceeded","duration":3.298999999999978,"failureMessages":["AssertionError: expected 0 to be greater than 0\n    at /Volumes/Main SSD/CascadeProjects/RRA/lib/vectorstore/prompt-optimization.test.ts:378:32\n    at file:///Volumes/Main%20SSD/CascadeProjects/RRA/node_modules/.pnpm/@vitest+runner@3.2.3/node_modules/@vitest/runner/dist/chunk-hooks.js:155:11\n    at file:///Volumes/Main%20SSD/CascadeProjects/RRA/node_modules/.pnpm/@vitest+runner@3.2.3/node_modules/@vitest/runner/dist/chunk-hooks.js:752:26\n    at file:///Volumes/Main%20SSD/CascadeProjects/RRA/node_modules/.pnpm/@vitest+runner@3.2.3/node_modules/@vitest/runner/dist/chunk-hooks.js:1894:20\n    at new Promise (<anonymous>)\n    at runWithTimeout (file:///Volumes/Main%20SSD/CascadeProjects/RRA/node_modules/.pnpm/@vitest+runner@3.2.3/node_modules/@vitest/runner/dist/chunk-hooks.js:1860:10)\n    at runTest (file:///Volumes/Main%20SSD/CascadeProjects/RRA/node_modules/.pnpm/@vitest+runner@3.2.3/node_modules/@vitest/runner/dist/chunk-hooks.js:1571:12)\n    at processTicksAndRejections (node:internal/process/task_queues:105:5)\n    at runSuite (file:///Volumes/Main%20SSD/CascadeProjects/RRA/node_modules/.pnpm/@vitest+runner@3.2.3/node_modules/@vitest/runner/dist/chunk-hooks.js:1726:8)\n    at runSuite (file:///Volumes/Main%20SSD/CascadeProjects/RRA/node_modules/.pnpm/@vitest+runner@3.2.3/node_modules/@vitest/runner/dist/chunk-hooks.js:1726:8)"],"meta":{}},{"ancestorTitles":["ContextWindowManager","optimizeConversationContext"],"fullName":"ContextWindowManager optimizeConversationContext should limit conversation history by token count","status":"passed","title":"should limit conversation history by token count","duration":1.371291999999812,"failureMessages":[],"meta":{}},{"ancestorTitles":["ContextWindowManager","optimizeConversationContext"],"fullName":"ContextWindowManager optimizeConversationContext should prioritize recent messages","status":"passed","title":"should prioritize recent messages","duration":0.3061250000000655,"failureMessages":[],"meta":{}},{"ancestorTitles":["PromptOptimizationMetrics","recordOptimizationMetrics"],"fullName":"PromptOptimizationMetrics recordOptimizationMetrics should record optimization metrics correctly","status":"passed","title":"should record optimization metrics correctly","duration":0.9915829999999914,"failureMessages":[],"meta":{}},{"ancestorTitles":["PromptOptimizationMetrics","getAggregatedMetrics"],"fullName":"PromptOptimizationMetrics getAggregatedMetrics should calculate aggregated metrics correctly","status":"passed","title":"should calculate aggregated metrics correctly","duration":0.7387079999998605,"failureMessages":[],"meta":{}},{"ancestorTitles":["PromptOptimizationMetrics","getAggregatedMetrics"],"fullName":"PromptOptimizationMetrics getAggregatedMetrics should return null for empty metrics","status":"passed","title":"should return null for empty metrics","duration":0.2305419999993319,"failureMessages":[],"meta":{}},{"ancestorTitles":["Domain-specific prompts"],"fullName":"Domain-specific prompts should have all required RoboRail domain configurations","status":"passed","title":"should have all required RoboRail domain configurations","duration":1.5889999999999418,"failureMessages":[],"meta":{}},{"ancestorTitles":["Domain-specific prompts"],"fullName":"Domain-specific prompts should have comprehensive prompt templates","status":"passed","title":"should have comprehensive prompt templates","duration":4.5294999999996435,"failureMessages":[],"meta":{}},{"ancestorTitles":["Integration tests"],"fullName":"Integration tests should handle end-to-end optimization workflow","status":"failed","title":"should handle end-to-end optimization workflow","duration":5.428957999999511,"failureMessages":["AssertionError: expected 'api' to be 'troubleshooting' // Object.is equality\n    at /Volumes/Main SSD/CascadeProjects/RRA/lib/vectorstore/prompt-optimization.test.ts:649:39\n    at processTicksAndRejections (node:internal/process/task_queues:105:5)\n    at file:///Volumes/Main%20SSD/CascadeProjects/RRA/node_modules/.pnpm/@vitest+runner@3.2.3/node_modules/@vitest/runner/dist/chunk-hooks.js:752:20"],"meta":{}},{"ancestorTitles":["Integration tests"],"fullName":"Integration tests should handle edge cases gracefully","status":"passed","title":"should handle edge cases gracefully","duration":1.9015420000005179,"failureMessages":[],"meta":{}}],"startTime":1753033379750,"endTime":1753033379833.9016,"status":"failed","message":"","name":"/Volumes/Main SSD/CascadeProjects/RRA/lib/vectorstore/prompt-optimization.test.ts"},{"assertionResults":[],"startTime":1753033373444,"endTime":1753033373444,"status":"failed","message":"Playwright Test did not expect test.describe() to be called here.\nMost common reasons include:\n- You are calling test.describe() in a configuration file.\n- You are calling test.describe() in a file that is imported by the configuration file.\n- You have two different versions of @playwright/test. This usually happens\n  when one of the dependencies in your package.json depends on @playwright/test.","name":"/Volumes/Main SSD/CascadeProjects/RRA/tests/e2e/artifacts.test.ts"},{"assertionResults":[],"startTime":1753033373444,"endTime":1753033373444,"status":"failed","message":"Playwright Test did not expect test.describe() to be called here.\nMost common reasons include:\n- You are calling test.describe() in a configuration file.\n- You are calling test.describe() in a file that is imported by the configuration file.\n- You have two different versions of @playwright/test. This usually happens\n  when one of the dependencies in your package.json depends on @playwright/test.","name":"/Volumes/Main SSD/CascadeProjects/RRA/tests/e2e/chat.test.ts"},{"assertionResults":[],"startTime":1753033373444,"endTime":1753033373444,"status":"failed","message":"Playwright Test did not expect test.describe() to be called here.\nMost common reasons include:\n- You are calling test.describe() in a configuration file.\n- You are calling test.describe() in a file that is imported by the configuration file.\n- You have two different versions of @playwright/test. This usually happens\n  when one of the dependencies in your package.json depends on @playwright/test.","name":"/Volumes/Main SSD/CascadeProjects/RRA/tests/e2e/comprehensive-chat-models.test.ts"},{"assertionResults":[],"startTime":1753033373444,"endTime":1753033373444,"status":"failed","message":"Playwright Test did not expect test.describe() to be called here.\nMost common reasons include:\n- You are calling test.describe() in a configuration file.\n- You are calling test.describe() in a file that is imported by the configuration file.\n- You have two different versions of @playwright/test. This usually happens\n  when one of the dependencies in your package.json depends on @playwright/test.","name":"/Volumes/Main SSD/CascadeProjects/RRA/tests/e2e/rag-workflow.test.ts"},{"assertionResults":[],"startTime":1753033373444,"endTime":1753033373444,"status":"failed","message":"Playwright Test did not expect test.describe() to be called here.\nMost common reasons include:\n- You are calling test.describe() in a configuration file.\n- You are calling test.describe() in a file that is imported by the configuration file.\n- You have two different versions of @playwright/test. This usually happens\n  when one of the dependencies in your package.json depends on @playwright/test.","name":"/Volumes/Main SSD/CascadeProjects/RRA/tests/e2e/reasoning.test.ts"},{"assertionResults":[],"startTime":1753033373444,"endTime":1753033373444,"status":"failed","message":"Playwright Test did not expect test.describe() to be called here.\nMost common reasons include:\n- You are calling test.describe() in a configuration file.\n- You are calling test.describe() in a file that is imported by the configuration file.\n- You have two different versions of @playwright/test. This usually happens\n  when one of the dependencies in your package.json depends on @playwright/test.","name":"/Volumes/Main SSD/CascadeProjects/RRA/tests/e2e/roborail-chat.test.ts"},{"assertionResults":[],"startTime":1753033373444,"endTime":1753033373444,"status":"failed","message":"Playwright Test did not expect test.describe() to be called here.\nMost common reasons include:\n- You are calling test.describe() in a configuration file.\n- You are calling test.describe() in a file that is imported by the configuration file.\n- You have two different versions of @playwright/test. This usually happens\n  when one of the dependencies in your package.json depends on @playwright/test.","name":"/Volumes/Main SSD/CascadeProjects/RRA/tests/e2e/session.test.ts"},{"assertionResults":[],"startTime":1753033373444,"endTime":1753033373444,"status":"failed","message":"Playwright Test did not expect test.describe() to be called here.\nMost common reasons include:\n- You are calling test.describe() in a configuration file.\n- You are calling test.describe() in a file that is imported by the configuration file.\n- You have two different versions of @playwright/test. This usually happens\n  when one of the dependencies in your package.json depends on @playwright/test.","name":"/Volumes/Main SSD/CascadeProjects/RRA/tests/e2e/stagehand-chat.test.ts"},{"assertionResults":[],"startTime":1753033373444,"endTime":1753033373444,"status":"failed","message":"Playwright Test did not expect test.describe() to be called here.\nMost common reasons include:\n- You are calling test.describe() in a configuration file.\n- You are calling test.describe() in a file that is imported by the configuration file.\n- You have two different versions of @playwright/test. This usually happens\n  when one of the dependencies in your package.json depends on @playwright/test.","name":"/Volumes/Main SSD/CascadeProjects/RRA/tests/e2e/stagehand-comprehensive-models.test.ts"},{"assertionResults":[],"startTime":1753033373444,"endTime":1753033373444,"status":"failed","message":"Playwright Test did not expect test.describe() to be called here.\nMost common reasons include:\n- You are calling test.describe() in a configuration file.\n- You are calling test.describe() in a file that is imported by the configuration file.\n- You have two different versions of @playwright/test. This usually happens\n  when one of the dependencies in your package.json depends on @playwright/test.","name":"/Volumes/Main SSD/CascadeProjects/RRA/tests/e2e/stagehand-vector-store.test.ts"},{"assertionResults":[],"startTime":1753033373444,"endTime":1753033373444,"status":"failed","message":"Playwright Test did not expect test.describe() to be called here.\nMost common reasons include:\n- You are calling test.describe() in a configuration file.\n- You are calling test.describe() in a file that is imported by the configuration file.\n- You have two different versions of @playwright/test. This usually happens\n  when one of the dependencies in your package.json depends on @playwright/test.","name":"/Volumes/Main SSD/CascadeProjects/RRA/tests/e2e/vector-store.test.ts"},{"assertionResults":[],"startTime":1753033373444,"endTime":1753033373444,"status":"failed","message":"[vitest] No \"createOpenAI\" export is defined on the \"@ai-sdk/openai\" mock. Did you forget to return it from \"vi.mock\"?\nIf you need to partially mock a module, you can use \"importOriginal\" helper inside:\n","name":"/Volumes/Main SSD/CascadeProjects/RRA/tests/integration/prompt-optimization.test.ts"},{"assertionResults":[],"startTime":1753033373444,"endTime":1753033373444,"status":"failed","message":"Playwright Test did not expect test.describe() to be called here.\nMost common reasons include:\n- You are calling test.describe() in a configuration file.\n- You are calling test.describe() in a file that is imported by the configuration file.\n- You have two different versions of @playwright/test. This usually happens\n  when one of the dependencies in your package.json depends on @playwright/test.","name":"/Volumes/Main SSD/CascadeProjects/RRA/tests/mcp/chat-flow-integration.test.ts"},{"assertionResults":[],"startTime":1753033373444,"endTime":1753033373444,"status":"failed","message":"Playwright Test did not expect test.describe() to be called here.\nMost common reasons include:\n- You are calling test.describe() in a configuration file.\n- You are calling test.describe() in a file that is imported by the configuration file.\n- You have two different versions of @playwright/test. This usually happens\n  when one of the dependencies in your package.json depends on @playwright/test.","name":"/Volumes/Main SSD/CascadeProjects/RRA/tests/routes/chat.test.ts"},{"assertionResults":[],"startTime":1753033373444,"endTime":1753033373444,"status":"failed","message":"Playwright Test did not expect test.describe() to be called here.\nMost common reasons include:\n- You are calling test.describe() in a configuration file.\n- You are calling test.describe() in a file that is imported by the configuration file.\n- You have two different versions of @playwright/test. This usually happens\n  when one of the dependencies in your package.json depends on @playwright/test.","name":"/Volumes/Main SSD/CascadeProjects/RRA/tests/routes/document.test.ts"},{"assertionResults":[{"ancestorTitles":["Multi-Agent System Integration Tests","End-to-End Routing Scenarios"],"fullName":"Multi-Agent System Integration Tests End-to-End Routing Scenarios should handle comprehensive research query workflow","status":"passed","title":"should handle comprehensive research query workflow","duration":37.045374999999694,"failureMessages":[],"meta":{}},{"ancestorTitles":["Multi-Agent System Integration Tests","End-to-End Routing Scenarios"],"fullName":"Multi-Agent System Integration Tests End-to-End Routing Scenarios should handle document rewriting workflow","status":"passed","title":"should handle document rewriting workflow","duration":10.299582999999984,"failureMessages":[],"meta":{}},{"ancestorTitles":["Multi-Agent System Integration Tests","End-to-End Routing Scenarios"],"fullName":"Multi-Agent System Integration Tests End-to-End Routing Scenarios should handle project planning workflow","status":"passed","title":"should handle project planning workflow","duration":2.122332999999344,"failureMessages":[],"meta":{}},{"ancestorTitles":["Multi-Agent System Integration Tests","End-to-End Routing Scenarios"],"fullName":"Multi-Agent System Integration Tests End-to-End Routing Scenarios should handle simple Q&A efficiently","status":"passed","title":"should handle simple Q&A efficiently","duration":2.2992919999996957,"failureMessages":[],"meta":{}},{"ancestorTitles":["Multi-Agent System Integration Tests","End-to-End Routing Scenarios"],"fullName":"Multi-Agent System Integration Tests End-to-End Routing Scenarios should handle comparison queries with appropriate complexity routing","status":"failed","title":"should handle comparison queries with appropriate complexity routing","duration":77.43616699999984,"failureMessages":["AssertionError: expected 'qa' to be 'research' // Object.is equality\n    at /Volumes/Main SSD/CascadeProjects/RRA/lib/agents/__tests__/integration.test.ts:137:38\n    at processTicksAndRejections (node:internal/process/task_queues:105:5)\n    at file:///Volumes/Main%20SSD/CascadeProjects/RRA/node_modules/.pnpm/@vitest+runner@3.2.3/node_modules/@vitest/runner/dist/chunk-hooks.js:752:20"],"meta":{}},{"ancestorTitles":["Multi-Agent System Integration Tests","End-to-End Routing Scenarios"],"fullName":"Multi-Agent System Integration Tests End-to-End Routing Scenarios should handle simple comparison with QA agent","status":"failed","title":"should handle simple comparison with QA agent","duration":1.010457999999744,"failureMessages":["AssertionError: expected 'moderate' to be 'simple' // Object.is equality\n    at /Volumes/Main SSD/CascadeProjects/RRA/lib/agents/__tests__/integration.test.ts:152:44\n    at processTicksAndRejections (node:internal/process/task_queues:105:5)\n    at file:///Volumes/Main%20SSD/CascadeProjects/RRA/node_modules/.pnpm/@vitest+runner@3.2.3/node_modules/@vitest/runner/dist/chunk-hooks.js:752:20"],"meta":{}},{"ancestorTitles":["Multi-Agent System Integration Tests","Context-Aware Routing"],"fullName":"Multi-Agent System Integration Tests Context-Aware Routing should adapt routing based on available sources","status":"passed","title":"should adapt routing based on available sources","duration":14.26104099999975,"failureMessages":[],"meta":{}},{"ancestorTitles":["Multi-Agent System Integration Tests","Context-Aware Routing"],"fullName":"Multi-Agent System Integration Tests Context-Aware Routing should handle vector store service failures gracefully","status":"failed","title":"should handle vector store service failures gracefully","duration":10.187958000000435,"failureMessages":["AssertionError: expected [ 'openai' ] to deeply equal [ 'openai', 'memory' ]\n    at /Volumes/Main SSD/CascadeProjects/RRA/lib/agents/__tests__/integration.test.ts:196:41\n    at processTicksAndRejections (node:internal/process/task_queues:105:5)\n    at file:///Volumes/Main%20SSD/CascadeProjects/RRA/node_modules/.pnpm/@vitest+runner@3.2.3/node_modules/@vitest/runner/dist/chunk-hooks.js:752:20"],"meta":{}},{"ancestorTitles":["Multi-Agent System Integration Tests","Context-Aware Routing"],"fullName":"Multi-Agent System Integration Tests Context-Aware Routing should provide context-specific routing decisions","status":"passed","title":"should provide context-specific routing decisions","duration":17.587790999999925,"failureMessages":[],"meta":{}},{"ancestorTitles":["Multi-Agent System Integration Tests","Agent Fallback and Recovery"],"fullName":"Multi-Agent System Integration Tests Agent Fallback and Recovery should provide appropriate fallback chains","status":"passed","title":"should provide appropriate fallback chains","duration":5.318958000000748,"failureMessages":[],"meta":{}},{"ancestorTitles":["Multi-Agent System Integration Tests","Agent Fallback and Recovery"],"fullName":"Multi-Agent System Integration Tests Agent Fallback and Recovery should handle agent selection errors with graceful fallback","status":"failed","title":"should handle agent selection errors with graceful fallback","duration":5.7543329999998605,"failureMessages":["AssertionError: expected 0.7999999999999999 to be 0.5 // Object.is equality\n    at /Volumes/Main SSD/CascadeProjects/RRA/lib/agents/__tests__/integration.test.ts:241:35\n    at processTicksAndRejections (node:internal/process/task_queues:105:5)\n    at file:///Volumes/Main%20SSD/CascadeProjects/RRA/node_modules/.pnpm/@vitest+runner@3.2.3/node_modules/@vitest/runner/dist/chunk-hooks.js:752:20"],"meta":{}},{"ancestorTitles":["Multi-Agent System Integration Tests","Agent Fallback and Recovery"],"fullName":"Multi-Agent System Integration Tests Agent Fallback and Recovery should provide valid fallback agents for all agent types","status":"passed","title":"should provide valid fallback agents for all agent types","duration":1.7198330000001079,"failureMessages":[],"meta":{}},{"ancestorTitles":["Multi-Agent System Integration Tests","Performance and Efficiency"],"fullName":"Multi-Agent System Integration Tests Performance and Efficiency should complete routing decisions quickly","status":"passed","title":"should complete routing decisions quickly","duration":0.32433300000047893,"failureMessages":[],"meta":{}},{"ancestorTitles":["Multi-Agent System Integration Tests","Performance and Efficiency"],"fullName":"Multi-Agent System Integration Tests Performance and Efficiency should handle concurrent routing requests efficiently","status":"passed","title":"should handle concurrent routing requests efficiently","duration":0.9617080000007263,"failureMessages":[],"meta":{}},{"ancestorTitles":["Multi-Agent System Integration Tests","Performance and Efficiency"],"fullName":"Multi-Agent System Integration Tests Performance and Efficiency should cache or reuse expensive computations when possible","status":"failed","title":"should cache or reuse expensive computations when possible","duration":0.47000000000025466,"failureMessages":["AssertionError: expected 0 to be less than 0\n    at /Volumes/Main SSD/CascadeProjects/RRA/lib/agents/__tests__/integration.test.ts:330:25\n    at processTicksAndRejections (node:internal/process/task_queues:105:5)\n    at file:///Volumes/Main%20SSD/CascadeProjects/RRA/node_modules/.pnpm/@vitest+runner@3.2.3/node_modules/@vitest/runner/dist/chunk-hooks.js:752:20"],"meta":{}},{"ancestorTitles":["Multi-Agent System Integration Tests","Complex Reasoning Patterns"],"fullName":"Multi-Agent System Integration Tests Complex Reasoning Patterns should detect multi-domain queries requiring research agent","status":"failed","title":"should detect multi-domain queries requiring research agent","duration":0.8517910000000484,"failureMessages":["AssertionError: expected 'moderate' to be 'complex' // Object.is equality\n    at /Volumes/Main SSD/CascadeProjects/RRA/lib/agents/__tests__/integration.test.ts:349:44\n    at processTicksAndRejections (node:internal/process/task_queues:105:5)\n    at file:///Volumes/Main%20SSD/CascadeProjects/RRA/node_modules/.pnpm/@vitest+runner@3.2.3/node_modules/@vitest/runner/dist/chunk-hooks.js:752:20"],"meta":{}},{"ancestorTitles":["Multi-Agent System Integration Tests","Complex Reasoning Patterns"],"fullName":"Multi-Agent System Integration Tests Complex Reasoning Patterns should handle queries requiring structured output with planner","status":"failed","title":"should handle queries requiring structured output with planner","duration":2.8799580000004426,"failureMessages":["AssertionError: expected 'Selected planner agent for planning tâ€¦' to contain 'Multi-step approach needed'\n    at /Volumes/Main SSD/CascadeProjects/RRA/lib/agents/__tests__/integration.test.ts:368:34\n    at processTicksAndRejections (node:internal/process/task_queues:105:5)\n    at file:///Volumes/Main%20SSD/CascadeProjects/RRA/node_modules/.pnpm/@vitest+runner@3.2.3/node_modules/@vitest/runner/dist/chunk-hooks.js:752:20"],"meta":{}},{"ancestorTitles":["Multi-Agent System Integration Tests","Complex Reasoning Patterns"],"fullName":"Multi-Agent System Integration Tests Complex Reasoning Patterns should identify queries needing content transformation with rewrite agent","status":"passed","title":"should identify queries needing content transformation with rewrite agent","duration":1.3122910000001866,"failureMessages":[],"meta":{}},{"ancestorTitles":["Multi-Agent System Integration Tests","Edge Cases and Boundary Conditions"],"fullName":"Multi-Agent System Integration Tests Edge Cases and Boundary Conditions should handle very short queries","status":"passed","title":"should handle very short queries","duration":0.832459000000199,"failureMessages":[],"meta":{}},{"ancestorTitles":["Multi-Agent System Integration Tests","Edge Cases and Boundary Conditions"],"fullName":"Multi-Agent System Integration Tests Edge Cases and Boundary Conditions should handle very long queries","status":"passed","title":"should handle very long queries","duration":0.7163749999999709,"failureMessages":[],"meta":{}},{"ancestorTitles":["Multi-Agent System Integration Tests","Edge Cases and Boundary Conditions"],"fullName":"Multi-Agent System Integration Tests Edge Cases and Boundary Conditions should handle queries with mixed intents","status":"passed","title":"should handle queries with mixed intents","duration":1.509584000000359,"failureMessages":[],"meta":{}},{"ancestorTitles":["Multi-Agent System Integration Tests","Edge Cases and Boundary Conditions"],"fullName":"Multi-Agent System Integration Tests Edge Cases and Boundary Conditions should handle queries in different languages (if supported)","status":"passed","title":"should handle queries in different languages (if supported)","duration":0.6017919999994774,"failureMessages":[],"meta":{}},{"ancestorTitles":["Multi-Agent System Integration Tests","Edge Cases and Boundary Conditions"],"fullName":"Multi-Agent System Integration Tests Edge Cases and Boundary Conditions should handle queries with special characters and formatting","status":"passed","title":"should handle queries with special characters and formatting","duration":0.6394170000003214,"failureMessages":[],"meta":{}},{"ancestorTitles":["Multi-Agent System Integration Tests","Confidence Scoring Accuracy"],"fullName":"Multi-Agent System Integration Tests Confidence Scoring Accuracy should provide high confidence for clear intent signals","status":"failed","title":"should provide high confidence for clear intent signals","duration":2.4573749999999563,"failureMessages":["AssertionError: expected 0.7999999999999999 to be greater than 0.8\n    at /Volumes/Main SSD/CascadeProjects/RRA/lib/agents/__tests__/integration.test.ts:499:37\n    at processTicksAndRejections (node:internal/process/task_queues:105:5)\n    at file:///Volumes/Main%20SSD/CascadeProjects/RRA/node_modules/.pnpm/@vitest+runner@3.2.3/node_modules/@vitest/runner/dist/chunk-hooks.js:752:20"],"meta":{}},{"ancestorTitles":["Multi-Agent System Integration Tests","Confidence Scoring Accuracy"],"fullName":"Multi-Agent System Integration Tests Confidence Scoring Accuracy should provide lower confidence for ambiguous queries","status":"passed","title":"should provide lower confidence for ambiguous queries","duration":0.7707499999996799,"failureMessages":[],"meta":{}},{"ancestorTitles":["Multi-Agent System Integration Tests","Confidence Scoring Accuracy"],"fullName":"Multi-Agent System Integration Tests Confidence Scoring Accuracy should adjust confidence based on complexity alignment","status":"failed","title":"should adjust confidence based on complexity alignment","duration":1.566291999999521,"failureMessages":["AssertionError: expected 0.7999999999999999 to be greater than 0.8\n    at /Volumes/Main SSD/CascadeProjects/RRA/lib/agents/__tests__/integration.test.ts:527:35\n    at processTicksAndRejections (node:internal/process/task_queues:105:5)\n    at file:///Volumes/Main%20SSD/CascadeProjects/RRA/node_modules/.pnpm/@vitest+runner@3.2.3/node_modules/@vitest/runner/dist/chunk-hooks.js:752:20"],"meta":{}},{"ancestorTitles":["Multi-Agent System Integration Tests","Source Selection Optimization"],"fullName":"Multi-Agent System Integration Tests Source Selection Optimization should optimize source selection for different agent types","status":"passed","title":"should optimize source selection for different agent types","duration":2.784625000000233,"failureMessages":[],"meta":{}},{"ancestorTitles":["Multi-Agent System Integration Tests","Source Selection Optimization"],"fullName":"Multi-Agent System Integration Tests Source Selection Optimization should handle limited source availability gracefully","status":"passed","title":"should handle limited source availability gracefully","duration":10.583042000000205,"failureMessages":[],"meta":{}}],"startTime":1753033380582,"endTime":1753033380797.583,"status":"failed","message":"","name":"/Volumes/Main SSD/CascadeProjects/RRA/lib/agents/__tests__/integration.test.ts"},{"assertionResults":[{"ancestorTitles":["SmartAgentRouter","Intent Classification"],"fullName":"SmartAgentRouter Intent Classification should classify question_answering intent","status":"passed","title":"should classify question_answering intent","duration":6.834999999999582,"failureMessages":[],"meta":{}},{"ancestorTitles":["SmartAgentRouter","Intent Classification"],"fullName":"SmartAgentRouter Intent Classification should classify summarization intent","status":"passed","title":"should classify summarization intent","duration":0.40162499999996726,"failureMessages":[],"meta":{}},{"ancestorTitles":["SmartAgentRouter","Intent Classification"],"fullName":"SmartAgentRouter Intent Classification should classify rewriting intent","status":"passed","title":"should classify rewriting intent","duration":0.3895840000000135,"failureMessages":[],"meta":{}},{"ancestorTitles":["SmartAgentRouter","Intent Classification"],"fullName":"SmartAgentRouter Intent Classification should classify planning intent","status":"passed","title":"should classify planning intent","duration":0.4365419999999176,"failureMessages":[],"meta":{}},{"ancestorTitles":["SmartAgentRouter","Intent Classification"],"fullName":"SmartAgentRouter Intent Classification should classify research intent","status":"passed","title":"should classify research intent","duration":0.30941699999993943,"failureMessages":[],"meta":{}},{"ancestorTitles":["SmartAgentRouter","Intent Classification"],"fullName":"SmartAgentRouter Intent Classification should classify comparison intent","status":"passed","title":"should classify comparison intent","duration":0.10400000000026921,"failureMessages":[],"meta":{}},{"ancestorTitles":["SmartAgentRouter","Intent Classification"],"fullName":"SmartAgentRouter Intent Classification should classify analysis intent","status":"passed","title":"should classify analysis intent","duration":0.06954100000029939,"failureMessages":[],"meta":{}},{"ancestorTitles":["SmartAgentRouter","Intent Classification"],"fullName":"SmartAgentRouter Intent Classification should handle fuzzy matching for intent classification","status":"passed","title":"should handle fuzzy matching for intent classification","duration":0.06124999999974534,"failureMessages":[],"meta":{}},{"ancestorTitles":["SmartAgentRouter","Intent Classification"],"fullName":"SmartAgentRouter Intent Classification should default to question_answering for unclear responses","status":"passed","title":"should default to question_answering for unclear responses","duration":0.23720800000000963,"failureMessages":[],"meta":{}},{"ancestorTitles":["SmartAgentRouter","Intent Classification"],"fullName":"SmartAgentRouter Intent Classification should handle classification errors gracefully","status":"passed","title":"should handle classification errors gracefully","duration":1.1855000000000473,"failureMessages":[],"meta":{}},{"ancestorTitles":["SmartAgentRouter","Complexity Analysis"],"fullName":"SmartAgentRouter Complexity Analysis should classify simple queries","status":"passed","title":"should classify simple queries","duration":5.349333000000115,"failureMessages":[],"meta":{}},{"ancestorTitles":["SmartAgentRouter","Complexity Analysis"],"fullName":"SmartAgentRouter Complexity Analysis should classify moderate complexity queries","status":"passed","title":"should classify moderate complexity queries","duration":4.428457999999864,"failureMessages":[],"meta":{}},{"ancestorTitles":["SmartAgentRouter","Complexity Analysis"],"fullName":"SmartAgentRouter Complexity Analysis should classify complex queries","status":"passed","title":"should classify complex queries","duration":0.6250829999999041,"failureMessages":[],"meta":{}},{"ancestorTitles":["SmartAgentRouter","Complexity Analysis"],"fullName":"SmartAgentRouter Complexity Analysis should detect technical terms","status":"passed","title":"should detect technical terms","duration":0.20008299999972223,"failureMessages":[],"meta":{}},{"ancestorTitles":["SmartAgentRouter","Complexity Analysis"],"fullName":"SmartAgentRouter Complexity Analysis should detect multi-step requirements","status":"passed","title":"should detect multi-step requirements","duration":0.09341700000004494,"failureMessages":[],"meta":{}},{"ancestorTitles":["SmartAgentRouter","Complexity Analysis"],"fullName":"SmartAgentRouter Complexity Analysis should detect external data needs","status":"passed","title":"should detect external data needs","duration":0.07412499999963984,"failureMessages":[],"meta":{}},{"ancestorTitles":["SmartAgentRouter","Complexity Analysis"],"fullName":"SmartAgentRouter Complexity Analysis should detect synthesis requirements","status":"passed","title":"should detect synthesis requirements","duration":0.06587500000023283,"failureMessages":[],"meta":{}},{"ancestorTitles":["SmartAgentRouter","Agent Selection"],"fullName":"SmartAgentRouter Agent Selection should select rewrite agent for summarization","status":"passed","title":"should select rewrite agent for summarization","duration":0.06770800000003874,"failureMessages":[],"meta":{}},{"ancestorTitles":["SmartAgentRouter","Agent Selection"],"fullName":"SmartAgentRouter Agent Selection should select rewrite agent for rewriting","status":"passed","title":"should select rewrite agent for rewriting","duration":0.0409999999997126,"failureMessages":[],"meta":{}},{"ancestorTitles":["SmartAgentRouter","Agent Selection"],"fullName":"SmartAgentRouter Agent Selection should select planner agent for planning","status":"passed","title":"should select planner agent for planning","duration":0.0415419999999358,"failureMessages":[],"meta":{}},{"ancestorTitles":["SmartAgentRouter","Agent Selection"],"fullName":"SmartAgentRouter Agent Selection should select research agent for research","status":"passed","title":"should select research agent for research","duration":0.038541999999779364,"failureMessages":[],"meta":{}},{"ancestorTitles":["SmartAgentRouter","Agent Selection"],"fullName":"SmartAgentRouter Agent Selection should select research agent for analysis","status":"passed","title":"should select research agent for analysis","duration":0.03712499999983265,"failureMessages":[],"meta":{}},{"ancestorTitles":["SmartAgentRouter","Agent Selection"],"fullName":"SmartAgentRouter Agent Selection should select QA agent for simple comparisons","status":"passed","title":"should select QA agent for simple comparisons","duration":0.04329199999983757,"failureMessages":[],"meta":{}},{"ancestorTitles":["SmartAgentRouter","Agent Selection"],"fullName":"SmartAgentRouter Agent Selection should select research agent for complex comparisons","status":"passed","title":"should select research agent for complex comparisons","duration":0.040124999999989086,"failureMessages":[],"meta":{}},{"ancestorTitles":["SmartAgentRouter","Agent Selection"],"fullName":"SmartAgentRouter Agent Selection should select planner for complex multi-step questions","status":"passed","title":"should select planner for complex multi-step questions","duration":0.043083000000024185,"failureMessages":[],"meta":{}},{"ancestorTitles":["SmartAgentRouter","Agent Selection"],"fullName":"SmartAgentRouter Agent Selection should select research for complex synthesis questions","status":"passed","title":"should select research for complex synthesis questions","duration":0.04724999999962165,"failureMessages":[],"meta":{}},{"ancestorTitles":["SmartAgentRouter","Agent Selection"],"fullName":"SmartAgentRouter Agent Selection should select QA for simple questions","status":"passed","title":"should select QA for simple questions","duration":0.03900000000021464,"failureMessages":[],"meta":{}},{"ancestorTitles":["SmartAgentRouter","Complete Routing Process"],"fullName":"SmartAgentRouter Complete Routing Process should route simple question to QA agent","status":"passed","title":"should route simple question to QA agent","duration":2.184541999999965,"failureMessages":[],"meta":{}},{"ancestorTitles":["SmartAgentRouter","Complete Routing Process"],"fullName":"SmartAgentRouter Complete Routing Process should route summarization request to rewrite agent","status":"passed","title":"should route summarization request to rewrite agent","duration":1.18224999999984,"failureMessages":[],"meta":{}},{"ancestorTitles":["SmartAgentRouter","Complete Routing Process"],"fullName":"SmartAgentRouter Complete Routing Process should route complex research query to research agent","status":"passed","title":"should route complex research query to research agent","duration":0.8568749999999454,"failureMessages":[],"meta":{}},{"ancestorTitles":["SmartAgentRouter","Complete Routing Process"],"fullName":"SmartAgentRouter Complete Routing Process should route planning request to planner agent","status":"passed","title":"should route planning request to planner agent","duration":0.4214999999999236,"failureMessages":[],"meta":{}},{"ancestorTitles":["SmartAgentRouter","Complete Routing Process"],"fullName":"SmartAgentRouter Complete Routing Process should handle routing errors gracefully","status":"passed","title":"should handle routing errors gracefully","duration":11.522249999999985,"failureMessages":[],"meta":{}},{"ancestorTitles":["SmartAgentRouter","Complete Routing Process"],"fullName":"SmartAgentRouter Complete Routing Process should calculate high confidence for clear intent indicators","status":"passed","title":"should calculate high confidence for clear intent indicators","duration":0.5419590000001335,"failureMessages":[],"meta":{}},{"ancestorTitles":["SmartAgentRouter","Complete Routing Process"],"fullName":"SmartAgentRouter Complete Routing Process should include multi-step reasoning in decision","status":"passed","title":"should include multi-step reasoning in decision","duration":0.49075000000038926,"failureMessages":[],"meta":{}},{"ancestorTitles":["SmartAgentRouter","Complete Routing Process"],"fullName":"SmartAgentRouter Complete Routing Process should include synthesis reasoning in decision","status":"passed","title":"should include synthesis reasoning in decision","duration":0.5946669999998448,"failureMessages":[],"meta":{}},{"ancestorTitles":["SmartAgentRouter","Source Selection"],"fullName":"SmartAgentRouter Source Selection should select multiple sources for research agent","status":"passed","title":"should select multiple sources for research agent","duration":0.1588329999999587,"failureMessages":[],"meta":{}},{"ancestorTitles":["SmartAgentRouter","Source Selection"],"fullName":"SmartAgentRouter Source Selection should prioritize OpenAI for simple QA","status":"passed","title":"should prioritize OpenAI for simple QA","duration":0.26283299999977316,"failureMessages":[],"meta":{}},{"ancestorTitles":["SmartAgentRouter","Source Selection"],"fullName":"SmartAgentRouter Source Selection should select default sources for other agents","status":"passed","title":"should select default sources for other agents","duration":0.13816600000018298,"failureMessages":[],"meta":{}},{"ancestorTitles":["SmartAgentRouter","Source Selection"],"fullName":"SmartAgentRouter Source Selection should handle limited available sources","status":"passed","title":"should handle limited available sources","duration":0.3609580000002097,"failureMessages":[],"meta":{}},{"ancestorTitles":["SmartAgentRouter","Fallback Logic"],"fullName":"SmartAgentRouter Fallback Logic should provide correct fallbacks for each agent type","status":"passed","title":"should provide correct fallbacks for each agent type","duration":8.905374999999822,"failureMessages":[],"meta":{}},{"ancestorTitles":["SmartAgentRouter","Confidence Calculation"],"fullName":"SmartAgentRouter Confidence Calculation should boost confidence for explicit intent keywords","status":"passed","title":"should boost confidence for explicit intent keywords","duration":3.3627080000001115,"failureMessages":[],"meta":{}},{"ancestorTitles":["SmartAgentRouter","Confidence Calculation"],"fullName":"SmartAgentRouter Confidence Calculation should boost confidence for planning keywords","status":"passed","title":"should boost confidence for planning keywords","duration":4.485125000000153,"failureMessages":[],"meta":{}},{"ancestorTitles":["SmartAgentRouter","Confidence Calculation"],"fullName":"SmartAgentRouter Confidence Calculation should boost confidence for research keywords","status":"passed","title":"should boost confidence for research keywords","duration":0.20224999999982174,"failureMessages":[],"meta":{}},{"ancestorTitles":["SmartAgentRouter","Confidence Calculation"],"fullName":"SmartAgentRouter Confidence Calculation should boost confidence for simple question-answering alignment","status":"passed","title":"should boost confidence for simple question-answering alignment","duration":0.13850000000002183,"failureMessages":[],"meta":{}},{"ancestorTitles":["SmartAgentRouter","Confidence Calculation"],"fullName":"SmartAgentRouter Confidence Calculation should cap confidence at 1.0","status":"passed","title":"should cap confidence at 1.0","duration":0.1341669999997066,"failureMessages":[],"meta":{}},{"ancestorTitles":["SmartAgentRouter","Detection Methods"],"fullName":"SmartAgentRouter Detection Methods should detect multi-step queries","status":"passed","title":"should detect multi-step queries","duration":0.3043330000000424,"failureMessages":[],"meta":{}},{"ancestorTitles":["SmartAgentRouter","Detection Methods"],"fullName":"SmartAgentRouter Detection Methods should detect external data needs","status":"passed","title":"should detect external data needs","duration":0.267207999999755,"failureMessages":[],"meta":{}},{"ancestorTitles":["SmartAgentRouter","Detection Methods"],"fullName":"SmartAgentRouter Detection Methods should detect synthesis needs","status":"passed","title":"should detect synthesis needs","duration":0.26237499999979264,"failureMessages":[],"meta":{}},{"ancestorTitles":["SmartAgentRouter","Detection Methods"],"fullName":"SmartAgentRouter Detection Methods should count technical terms accurately","status":"passed","title":"should count technical terms accurately","duration":0.15524999999979627,"failureMessages":[],"meta":{}},{"ancestorTitles":["SmartAgentRouter","Detection Methods"],"fullName":"SmartAgentRouter Detection Methods should not detect patterns in simple queries","status":"passed","title":"should not detect patterns in simple queries","duration":2.6339590000002318,"failureMessages":[],"meta":{}},{"ancestorTitles":["SmartAgentRouter","Error Handling"],"fullName":"SmartAgentRouter Error Handling should handle vector store service errors","status":"passed","title":"should handle vector store service errors","duration":10.59795800000029,"failureMessages":[],"meta":{}},{"ancestorTitles":["SmartAgentRouter","Error Handling"],"fullName":"SmartAgentRouter Error Handling should provide valid routing decision even with partial failures","status":"passed","title":"should provide valid routing decision even with partial failures","duration":21.12191699999994,"failureMessages":[],"meta":{}}],"startTime":1753033413867,"endTime":1753033413962.1218,"status":"passed","message":"","name":"/Volumes/Main SSD/CascadeProjects/RRA/lib/agents/__tests__/router.test.ts"},{"assertionResults":[{"ancestorTitles":["Vector Store Error Handling","Network Error Scenarios"],"fullName":"Vector Store Error Handling Network Error Scenarios should handle network timeouts gracefully","status":"passed","title":"should handle network timeouts gracefully","duration":152.23862499999996,"failureMessages":[],"meta":{}},{"ancestorTitles":["Vector Store Error Handling","Network Error Scenarios"],"fullName":"Vector Store Error Handling Network Error Scenarios should handle connection refused errors","status":"passed","title":"should handle connection refused errors","duration":3.2950000000000728,"failureMessages":[],"meta":{}},{"ancestorTitles":["Vector Store Error Handling","Network Error Scenarios"],"fullName":"Vector Store Error Handling Network Error Scenarios should handle DNS resolution failures","status":"passed","title":"should handle DNS resolution failures","duration":7.350916999999754,"failureMessages":[],"meta":{}},{"ancestorTitles":["Vector Store Error Handling","API Error Responses"],"fullName":"Vector Store Error Handling API Error Responses should handle 401 Unauthorized errors","status":"passed","title":"should handle 401 Unauthorized errors","duration":5.292540999999801,"failureMessages":[],"meta":{}},{"ancestorTitles":["Vector Store Error Handling","API Error Responses"],"fullName":"Vector Store Error Handling API Error Responses should handle 403 Forbidden errors","status":"passed","title":"should handle 403 Forbidden errors","duration":1.3638750000000073,"failureMessages":[],"meta":{}},{"ancestorTitles":["Vector Store Error Handling","API Error Responses"],"fullName":"Vector Store Error Handling API Error Responses should handle 404 Not Found errors","status":"passed","title":"should handle 404 Not Found errors","duration":7.590540999999575,"failureMessages":[],"meta":{}},{"ancestorTitles":["Vector Store Error Handling","API Error Responses"],"fullName":"Vector Store Error Handling API Error Responses should handle 429 Rate Limit errors","status":"passed","title":"should handle 429 Rate Limit errors","duration":19.600459000000228,"failureMessages":[],"meta":{}},{"ancestorTitles":["Vector Store Error Handling","API Error Responses"],"fullName":"Vector Store Error Handling API Error Responses should handle 500 Internal Server Error","status":"passed","title":"should handle 500 Internal Server Error","duration":9.298624999999447,"failureMessages":[],"meta":{}},{"ancestorTitles":["Vector Store Error Handling","API Error Responses"],"fullName":"Vector Store Error Handling API Error Responses should handle 503 Service Unavailable","status":"passed","title":"should handle 503 Service Unavailable","duration":12.091416999999637,"failureMessages":[],"meta":{}},{"ancestorTitles":["Vector Store Error Handling","Malformed Response Handling"],"fullName":"Vector Store Error Handling Malformed Response Handling should handle invalid JSON responses","status":"passed","title":"should handle invalid JSON responses","duration":4.293874999999389,"failureMessages":[],"meta":{}},{"ancestorTitles":["Vector Store Error Handling","Malformed Response Handling"],"fullName":"Vector Store Error Handling Malformed Response Handling should handle missing data fields","status":"passed","title":"should handle missing data fields","duration":2.9932079999998678,"failureMessages":[],"meta":{}},{"ancestorTitles":["Vector Store Error Handling","Malformed Response Handling"],"fullName":"Vector Store Error Handling Malformed Response Handling should handle corrupted response data","status":"passed","title":"should handle corrupted response data","duration":1.110250000000633,"failureMessages":[],"meta":{}},{"ancestorTitles":["Vector Store Error Handling","Malformed Response Handling"],"fullName":"Vector Store Error Handling Malformed Response Handling should handle empty response arrays","status":"passed","title":"should handle empty response arrays","duration":0.1512090000005628,"failureMessages":[],"meta":{}},{"ancestorTitles":["Vector Store Error Handling","File Upload Error Scenarios"],"fullName":"Vector Store Error Handling File Upload Error Scenarios should handle file upload failures","status":"passed","title":"should handle file upload failures","duration":14.452624999999898,"failureMessages":[],"meta":{}},{"ancestorTitles":["Vector Store Error Handling","File Upload Error Scenarios"],"fullName":"Vector Store Error Handling File Upload Error Scenarios should handle file size limit errors","status":"passed","title":"should handle file size limit errors","duration":0.6014169999998558,"failureMessages":[],"meta":{}},{"ancestorTitles":["Vector Store Error Handling","File Upload Error Scenarios"],"fullName":"Vector Store Error Handling File Upload Error Scenarios should handle unsupported file type errors","status":"passed","title":"should handle unsupported file type errors","duration":0.39616600000044855,"failureMessages":[],"meta":{}},{"ancestorTitles":["Vector Store Error Handling","File Upload Error Scenarios"],"fullName":"Vector Store Error Handling File Upload Error Scenarios should handle vector store attachment failures","status":"passed","title":"should handle vector store attachment failures","duration":4.651832999999897,"failureMessages":[],"meta":{}},{"ancestorTitles":["Vector Store Error Handling","Search Error Scenarios"],"fullName":"Vector Store Error Handling Search Error Scenarios should handle search API failures","status":"failed","title":"should handle search API failures","duration":16.169750000000022,"failureMessages":["AssertionError: expected 'Vector store vs_test_store is not accâ€¦' to contain 'Search API failed'\n    at /Volumes/Main SSD/CascadeProjects/RRA/lib/vectorstore/__tests__/error-handling.test.ts:336:30\n    at file:///Volumes/Main%20SSD/CascadeProjects/RRA/node_modules/.pnpm/@vitest+runner@3.2.3/node_modules/@vitest/runner/dist/chunk-hooks.js:752:20"],"meta":{}},{"ancestorTitles":["Vector Store Error Handling","Search Error Scenarios"],"fullName":"Vector Store Error Handling Search Error Scenarios should handle malformed search responses","status":"failed","title":"should handle malformed search responses","duration":54.47633299999961,"failureMessages":["AssertionError: expected false to be true // Object.is equality\n    at /Volumes/Main SSD/CascadeProjects/RRA/lib/vectorstore/__tests__/error-handling.test.ts:355:30\n    at file:///Volumes/Main%20SSD/CascadeProjects/RRA/node_modules/.pnpm/@vitest+runner@3.2.3/node_modules/@vitest/runner/dist/chunk-hooks.js:752:20"],"meta":{}},{"ancestorTitles":["Vector Store Error Handling","Search Error Scenarios"],"fullName":"Vector Store Error Handling Search Error Scenarios should handle search timeout errors","status":"failed","title":"should handle search timeout errors","duration":6.157625000000735,"failureMessages":["AssertionError: expected 'Vector store vs_test_store is not accâ€¦' to contain 'Request timeout'\n    at /Volumes/Main SSD/CascadeProjects/RRA/lib/vectorstore/__tests__/error-handling.test.ts:377:30\n    at file:///Volumes/Main%20SSD/CascadeProjects/RRA/node_modules/.pnpm/@vitest+runner@3.2.3/node_modules/@vitest/runner/dist/chunk-hooks.js:752:20"],"meta":{}},{"ancestorTitles":["Vector Store Error Handling","Search Error Scenarios"],"fullName":"Vector Store Error Handling Search Error Scenarios should handle empty search results gracefully","status":"failed","title":"should handle empty search results gracefully","duration":3.7010419999996884,"failureMessages":["AssertionError: expected false to be true // Object.is equality\n    at /Volumes/Main SSD/CascadeProjects/RRA/lib/vectorstore/__tests__/error-handling.test.ts:396:30\n    at file:///Volumes/Main%20SSD/CascadeProjects/RRA/node_modules/.pnpm/@vitest+runner@3.2.3/node_modules/@vitest/runner/dist/chunk-hooks.js:752:20"],"meta":{}},{"ancestorTitles":["Vector Store Error Handling","Retry Logic Error Scenarios"],"fullName":"Vector Store Error Handling Retry Logic Error Scenarios should retry on temporary failures","status":"passed","title":"should retry on temporary failures","duration":22.36725000000024,"failureMessages":[],"meta":{}},{"ancestorTitles":["Vector Store Error Handling","Retry Logic Error Scenarios"],"fullName":"Vector Store Error Handling Retry Logic Error Scenarios should not retry on non-retryable errors","status":"failed","title":"should not retry on non-retryable errors","duration":2.4828749999996944,"failureMessages":["AssertionError: expected 3 to be 1 // Object.is equality\n    at /Volumes/Main SSD/CascadeProjects/RRA/lib/vectorstore/__tests__/error-handling.test.ts:469:25\n    at file:///Volumes/Main%20SSD/CascadeProjects/RRA/node_modules/.pnpm/@vitest+runner@3.2.3/node_modules/@vitest/runner/dist/chunk-hooks.js:752:20"],"meta":{}},{"ancestorTitles":["Vector Store Error Handling","Retry Logic Error Scenarios"],"fullName":"Vector Store Error Handling Retry Logic Error Scenarios should exhaust retries on persistent errors","status":"passed","title":"should exhaust retries on persistent errors","duration":1013.3659159999988,"failureMessages":[],"meta":{}},{"ancestorTitles":["Vector Store Error Handling","Resource Cleanup on Errors"],"fullName":"Vector Store Error Handling Resource Cleanup on Errors should cleanup partial uploads on failure","status":"passed","title":"should cleanup partial uploads on failure","duration":6.351124999999229,"failureMessages":[],"meta":{}},{"ancestorTitles":["Vector Store Error Handling","Resource Cleanup on Errors"],"fullName":"Vector Store Error Handling Resource Cleanup on Errors should handle partial vector store creation failures","status":"passed","title":"should handle partial vector store creation failures","duration":0.5991249999988213,"failureMessages":[],"meta":{}},{"ancestorTitles":["Vector Store Error Handling","Validation Error Scenarios"],"fullName":"Vector Store Error Handling Validation Error Scenarios should handle invalid query parameters","status":"failed","title":"should handle invalid query parameters","duration":2.609375,"failureMessages":["ZodError: [\n  {\n    \"code\": \"too_small\",\n    \"minimum\": 1,\n    \"type\": \"string\",\n    \"inclusive\": true,\n    \"exact\": false,\n    \"message\": \"String must contain at least 1 character(s)\",\n    \"path\": [\n      \"query\"\n    ]\n  },\n  {\n    \"code\": \"too_small\",\n    \"minimum\": 1,\n    \"type\": \"number\",\n    \"inclusive\": true,\n    \"exact\": false,\n    \"message\": \"Number must be greater than or equal to 1\",\n    \"path\": [\n      \"maxResults\"\n    ]\n  }\n]\n    at Object.get error [as error] (file:///Volumes/Main%20SSD/CascadeProjects/RRA/node_modules/.pnpm/zod@3.25.64/node_modules/zod/dist/esm/v3/types.js:39:31)\n    at ZodObject.parse (file:///Volumes/Main%20SSD/CascadeProjects/RRA/node_modules/.pnpm/zod@3.25.64/node_modules/zod/dist/esm/v3/types.js:114:22)\n    at Object.searchFiles (/Volumes/Main SSD/CascadeProjects/RRA/lib/vectorstore/openai.ts:636:48)\n    at /Volumes/Main SSD/CascadeProjects/RRA/lib/vectorstore/__tests__/error-handling.test.ts:539:36\n    at file:///Volumes/Main%20SSD/CascadeProjects/RRA/node_modules/.pnpm/@vitest+runner@3.2.3/node_modules/@vitest/runner/dist/chunk-hooks.js:155:11\n    at file:///Volumes/Main%20SSD/CascadeProjects/RRA/node_modules/.pnpm/@vitest+runner@3.2.3/node_modules/@vitest/runner/dist/chunk-hooks.js:752:26\n    at file:///Volumes/Main%20SSD/CascadeProjects/RRA/node_modules/.pnpm/@vitest+runner@3.2.3/node_modules/@vitest/runner/dist/chunk-hooks.js:1894:20\n    at new Promise (<anonymous>)\n    at runWithTimeout (file:///Volumes/Main%20SSD/CascadeProjects/RRA/node_modules/.pnpm/@vitest+runner@3.2.3/node_modules/@vitest/runner/dist/chunk-hooks.js:1860:10)\n    at runTest (file:///Volumes/Main%20SSD/CascadeProjects/RRA/node_modules/.pnpm/@vitest+runner@3.2.3/node_modules/@vitest/runner/dist/chunk-hooks.js:1571:12)"],"meta":{}},{"ancestorTitles":["Vector Store Error Handling","Validation Error Scenarios"],"fullName":"Vector Store Error Handling Validation Error Scenarios should handle invalid file upload parameters","status":"passed","title":"should handle invalid file upload parameters","duration":0.5167500000006839,"failureMessages":[],"meta":{}},{"ancestorTitles":["Vector Store Error Handling","Validation Error Scenarios"],"fullName":"Vector Store Error Handling Validation Error Scenarios should handle invalid vector store IDs","status":"passed","title":"should handle invalid vector store IDs","duration":0.23908299999857263,"failureMessages":[],"meta":{}},{"ancestorTitles":["Vector Store Error Handling","Concurrent Request Error Handling"],"fullName":"Vector Store Error Handling Concurrent Request Error Handling should handle concurrent request failures independently","status":"passed","title":"should handle concurrent request failures independently","duration":1.8892089999990276,"failureMessages":[],"meta":{}},{"ancestorTitles":["Vector Store Error Handling","Memory and Resource Error Handling"],"fullName":"Vector Store Error Handling Memory and Resource Error Handling should handle out-of-memory scenarios","status":"failed","title":"should handle out-of-memory scenarios","duration":104.50141599999915,"failureMessages":["AssertionError: expected 'Vector store vs_test_store is not accâ€¦' to contain 'Out of memory'\n    at /Volumes/Main SSD/CascadeProjects/RRA/lib/vectorstore/__tests__/error-handling.test.ts:626:30\n    at file:///Volumes/Main%20SSD/CascadeProjects/RRA/node_modules/.pnpm/@vitest+runner@3.2.3/node_modules/@vitest/runner/dist/chunk-hooks.js:752:20"],"meta":{}},{"ancestorTitles":["Vector Store Error Handling","Memory and Resource Error Handling"],"fullName":"Vector Store Error Handling Memory and Resource Error Handling should handle large response processing errors","status":"passed","title":"should handle large response processing errors","duration":46.230084000000716,"failureMessages":[],"meta":{}}],"startTime":1753033380581,"endTime":1753033382114.23,"status":"failed","message":"","name":"/Volumes/Main SSD/CascadeProjects/RRA/lib/vectorstore/__tests__/error-handling.test.ts"},{"assertionResults":[{"ancestorTitles":["OpenAI Vector Store Service","Service Configuration"],"fullName":"OpenAI Vector Store Service Service Configuration should create enabled service with valid API key","status":"passed","title":"should create enabled service with valid API key","duration":11.957750000000487,"failureMessages":[],"meta":{}},{"ancestorTitles":["OpenAI Vector Store Service","Service Configuration"],"fullName":"OpenAI Vector Store Service Service Configuration should create disabled service without API key","status":"failed","title":"should create disabled service without API key","duration":45.522500000000036,"failureMessages":["AssertionError: expected true to be false // Object.is equality\n    at /Volumes/Main SSD/CascadeProjects/RRA/lib/vectorstore/__tests__/openai.test.ts:116:33\n    at file:///Volumes/Main%20SSD/CascadeProjects/RRA/node_modules/.pnpm/@vitest+runner@3.2.3/node_modules/@vitest/runner/dist/chunk-hooks.js:155:11\n    at file:///Volumes/Main%20SSD/CascadeProjects/RRA/node_modules/.pnpm/@vitest+runner@3.2.3/node_modules/@vitest/runner/dist/chunk-hooks.js:752:26\n    at file:///Volumes/Main%20SSD/CascadeProjects/RRA/node_modules/.pnpm/@vitest+runner@3.2.3/node_modules/@vitest/runner/dist/chunk-hooks.js:1894:20\n    at new Promise (<anonymous>)\n    at runWithTimeout (file:///Volumes/Main%20SSD/CascadeProjects/RRA/node_modules/.pnpm/@vitest+runner@3.2.3/node_modules/@vitest/runner/dist/chunk-hooks.js:1860:10)\n    at runTest (file:///Volumes/Main%20SSD/CascadeProjects/RRA/node_modules/.pnpm/@vitest+runner@3.2.3/node_modules/@vitest/runner/dist/chunk-hooks.js:1571:12)\n    at processTicksAndRejections (node:internal/process/task_queues:105:5)\n    at runSuite (file:///Volumes/Main%20SSD/CascadeProjects/RRA/node_modules/.pnpm/@vitest+runner@3.2.3/node_modules/@vitest/runner/dist/chunk-hooks.js:1726:8)\n    at runSuite (file:///Volumes/Main%20SSD/CascadeProjects/RRA/node_modules/.pnpm/@vitest+runner@3.2.3/node_modules/@vitest/runner/dist/chunk-hooks.js:1726:8)"],"meta":{}},{"ancestorTitles":["OpenAI Vector Store Service","Service Configuration"],"fullName":"OpenAI Vector Store Service Service Configuration should warn about invalid API key format","status":"passed","title":"should warn about invalid API key format","duration":2.658792000000176,"failureMessages":[],"meta":{}},{"ancestorTitles":["OpenAI Vector Store Service","Service Configuration"],"fullName":"OpenAI Vector Store Service Service Configuration should warn about invalid vector store ID format","status":"passed","title":"should warn about invalid vector store ID format","duration":1.242457999999715,"failureMessages":[],"meta":{}},{"ancestorTitles":["OpenAI Vector Store Service","Vector Store Management","createVectorStore"],"fullName":"OpenAI Vector Store Service Vector Store Management createVectorStore should create vector store successfully","status":"passed","title":"should create vector store successfully","duration":4.299291999999696,"failureMessages":[],"meta":{}},{"ancestorTitles":["OpenAI Vector Store Service","Vector Store Management","createVectorStore"],"fullName":"OpenAI Vector Store Service Vector Store Management createVectorStore should handle API errors","status":"passed","title":"should handle API errors","duration":13.002542000000176,"failureMessages":[],"meta":{}},{"ancestorTitles":["OpenAI Vector Store Service","Vector Store Management","createVectorStore"],"fullName":"OpenAI Vector Store Service Vector Store Management createVectorStore should handle network errors","status":"passed","title":"should handle network errors","duration":33.07983300000069,"failureMessages":[],"meta":{}},{"ancestorTitles":["OpenAI Vector Store Service","Vector Store Management","getVectorStore"],"fullName":"OpenAI Vector Store Service Vector Store Management getVectorStore should retrieve vector store successfully","status":"passed","title":"should retrieve vector store successfully","duration":5.994375000000218,"failureMessages":[],"meta":{}},{"ancestorTitles":["OpenAI Vector Store Service","Vector Store Management","getVectorStore"],"fullName":"OpenAI Vector Store Service Vector Store Management getVectorStore should handle 404 errors","status":"passed","title":"should handle 404 errors","duration":5.682374999999411,"failureMessages":[],"meta":{}},{"ancestorTitles":["OpenAI Vector Store Service","Vector Store Management","listVectorStores"],"fullName":"OpenAI Vector Store Service Vector Store Management listVectorStores should list vector stores successfully","status":"passed","title":"should list vector stores successfully","duration":1.8630419999999503,"failureMessages":[],"meta":{}},{"ancestorTitles":["OpenAI Vector Store Service","Vector Store Management","listVectorStores"],"fullName":"OpenAI Vector Store Service Vector Store Management listVectorStores should return empty array on API error","status":"passed","title":"should return empty array on API error","duration":2.3446670000002996,"failureMessages":[],"meta":{}},{"ancestorTitles":["OpenAI Vector Store Service","Vector Store Management","deleteVectorStore"],"fullName":"OpenAI Vector Store Service Vector Store Management deleteVectorStore should delete vector store successfully","status":"passed","title":"should delete vector store successfully","duration":2.11133400000017,"failureMessages":[],"meta":{}},{"ancestorTitles":["OpenAI Vector Store Service","Vector Store Management","deleteVectorStore"],"fullName":"OpenAI Vector Store Service Vector Store Management deleteVectorStore should return false on API error","status":"passed","title":"should return false on API error","duration":2.376459000000068,"failureMessages":[],"meta":{}},{"ancestorTitles":["OpenAI Vector Store Service","File Management","uploadFile"],"fullName":"OpenAI Vector Store Service File Management uploadFile should upload file successfully","status":"passed","title":"should upload file successfully","duration":15.916791999999987,"failureMessages":[],"meta":{}},{"ancestorTitles":["OpenAI Vector Store Service","File Management","uploadFile"],"fullName":"OpenAI Vector Store Service File Management uploadFile should throw error without vector store ID","status":"passed","title":"should throw error without vector store ID","duration":0.6543750000000728,"failureMessages":[],"meta":{}},{"ancestorTitles":["OpenAI Vector Store Service","File Management","uploadFile"],"fullName":"OpenAI Vector Store Service File Management uploadFile should handle file upload errors","status":"passed","title":"should handle file upload errors","duration":13.107582999999977,"failureMessages":[],"meta":{}},{"ancestorTitles":["OpenAI Vector Store Service","File Management","listFiles"],"fullName":"OpenAI Vector Store Service File Management listFiles should list files successfully","status":"passed","title":"should list files successfully","duration":5.505709000000024,"failureMessages":[],"meta":{}},{"ancestorTitles":["OpenAI Vector Store Service","File Management","listFiles"],"fullName":"OpenAI Vector Store Service File Management listFiles should return empty array on error","status":"passed","title":"should return empty array on error","duration":0.2385420000000522,"failureMessages":[],"meta":{}},{"ancestorTitles":["OpenAI Vector Store Service","File Management","deleteFile"],"fullName":"OpenAI Vector Store Service File Management deleteFile should delete file successfully","status":"passed","title":"should delete file successfully","duration":0.32029099999999744,"failureMessages":[],"meta":{}},{"ancestorTitles":["OpenAI Vector Store Service","File Management","deleteFile"],"fullName":"OpenAI Vector Store Service File Management deleteFile should return false on error","status":"passed","title":"should return false on error","duration":0.150749999999789,"failureMessages":[],"meta":{}},{"ancestorTitles":["OpenAI Vector Store Service","Search Operations","searchFiles"],"fullName":"OpenAI Vector Store Service Search Operations searchFiles should search files successfully","status":"passed","title":"should search files successfully","duration":12.027125000000524,"failureMessages":[],"meta":{}},{"ancestorTitles":["OpenAI Vector Store Service","Search Operations","searchFiles"],"fullName":"OpenAI Vector Store Service Search Operations searchFiles should handle validation failure","status":"passed","title":"should handle validation failure","duration":122.41820900000039,"failureMessages":[],"meta":{}},{"ancestorTitles":["OpenAI Vector Store Service","Search Operations","searchFiles"],"fullName":"OpenAI Vector Store Service Search Operations searchFiles should handle search errors","status":"passed","title":"should handle search errors","duration":3.0030419999993683,"failureMessages":[],"meta":{}},{"ancestorTitles":["OpenAI Vector Store Service","Search Operations","searchFiles"],"fullName":"OpenAI Vector Store Service Search Operations searchFiles should handle missing vector store ID","status":"failed","title":"should handle missing vector store ID","duration":7.5526669999999285,"failureMessages":["AssertionError: expected 'Search failed: Search failed' to be 'No vector store ID provided and no deâ€¦' // Object.is equality\n    at /Volumes/Main SSD/CascadeProjects/RRA/lib/vectorstore/__tests__/openai.test.ts:776:32\n    at processTicksAndRejections (node:internal/process/task_queues:105:5)\n    at file:///Volumes/Main%20SSD/CascadeProjects/RRA/node_modules/.pnpm/@vitest+runner@3.2.3/node_modules/@vitest/runner/dist/chunk-hooks.js:752:20"],"meta":{}},{"ancestorTitles":["OpenAI Vector Store Service","Search Operations","searchWithRetry"],"fullName":"OpenAI Vector Store Service Search Operations searchWithRetry should succeed on first attempt","status":"passed","title":"should succeed on first attempt","duration":1.8508330000004207,"failureMessages":[],"meta":{}},{"ancestorTitles":["OpenAI Vector Store Service","Search Operations","searchWithRetry"],"fullName":"OpenAI Vector Store Service Search Operations searchWithRetry should retry on failure and eventually succeed","status":"passed","title":"should retry on failure and eventually succeed","duration":1.91204099999959,"failureMessages":[],"meta":{}},{"ancestorTitles":["OpenAI Vector Store Service","Search Operations","searchWithRetry"],"fullName":"OpenAI Vector Store Service Search Operations searchWithRetry should not retry on non-retryable errors","status":"failed","title":"should not retry on non-retryable errors","duration":16.07341699999961,"failureMessages":["AssertionError: expected 'Search failed after 3 attempts: Vectoâ€¦' to be 'No vector store ID provided and no deâ€¦' // Object.is equality\n    at /Volumes/Main SSD/CascadeProjects/RRA/lib/vectorstore/__tests__/openai.test.ts:882:32\n    at processTicksAndRejections (node:internal/process/task_queues:105:5)\n    at file:///Volumes/Main%20SSD/CascadeProjects/RRA/node_modules/.pnpm/@vitest+runner@3.2.3/node_modules/@vitest/runner/dist/chunk-hooks.js:752:20"],"meta":{}},{"ancestorTitles":["OpenAI Vector Store Service","Search Operations","searchWithRetry"],"fullName":"OpenAI Vector Store Service Search Operations searchWithRetry should exhaust all retries","status":"passed","title":"should exhaust all retries","duration":1.1994590000003882,"failureMessages":[],"meta":{}},{"ancestorTitles":["OpenAI Vector Store Service","Health Check and Utilities","healthCheck"],"fullName":"OpenAI Vector Store Service Health Check and Utilities healthCheck should return healthy status","status":"passed","title":"should return healthy status","duration":0.2684579999995549,"failureMessages":[],"meta":{}},{"ancestorTitles":["OpenAI Vector Store Service","Health Check and Utilities","healthCheck"],"fullName":"OpenAI Vector Store Service Health Check and Utilities healthCheck should return unhealthy on API failure","status":"passed","title":"should return unhealthy on API failure","duration":0.1176660000000993,"failureMessages":[],"meta":{}},{"ancestorTitles":["OpenAI Vector Store Service","Health Check and Utilities","healthCheck"],"fullName":"OpenAI Vector Store Service Health Check and Utilities healthCheck should handle vector store access failure","status":"passed","title":"should handle vector store access failure","duration":0.3164999999999054,"failureMessages":[],"meta":{}},{"ancestorTitles":["OpenAI Vector Store Service","Health Check and Utilities","validateVectorStore"],"fullName":"OpenAI Vector Store Service Health Check and Utilities validateVectorStore should validate completed vector store","status":"passed","title":"should validate completed vector store","duration":0.12787500000013097,"failureMessages":[],"meta":{}},{"ancestorTitles":["OpenAI Vector Store Service","Health Check and Utilities","validateVectorStore"],"fullName":"OpenAI Vector Store Service Health Check and Utilities validateVectorStore should validate in-progress vector store","status":"passed","title":"should validate in-progress vector store","duration":0.10262499999953434,"failureMessages":[],"meta":{}},{"ancestorTitles":["OpenAI Vector Store Service","Health Check and Utilities","validateVectorStore"],"fullName":"OpenAI Vector Store Service Health Check and Utilities validateVectorStore should reject expired vector store","status":"passed","title":"should reject expired vector store","duration":20.34166699999969,"failureMessages":[],"meta":{}},{"ancestorTitles":["OpenAI Vector Store Service","Health Check and Utilities","validateVectorStore"],"fullName":"OpenAI Vector Store Service Health Check and Utilities validateVectorStore should handle validation error","status":"passed","title":"should handle validation error","duration":0.31379199999992125,"failureMessages":[],"meta":{}},{"ancestorTitles":["OpenAI Vector Store Service","Health Check and Utilities","getSourceFiles"],"fullName":"OpenAI Vector Store Service Health Check and Utilities getSourceFiles should retrieve source file information","status":"passed","title":"should retrieve source file information","duration":16.3212910000002,"failureMessages":[],"meta":{}},{"ancestorTitles":["OpenAI Vector Store Service","Health Check and Utilities","getSourceFiles"],"fullName":"OpenAI Vector Store Service Health Check and Utilities getSourceFiles should handle file retrieval errors","status":"passed","title":"should handle file retrieval errors","duration":3.6275839999998425,"failureMessages":[],"meta":{}},{"ancestorTitles":["OpenAI Vector Store Service","Health Check and Utilities","getSourceFiles"],"fullName":"OpenAI Vector Store Service Health Check and Utilities getSourceFiles should return empty array for no file IDs","status":"passed","title":"should return empty array for no file IDs","duration":5.63708300000053,"failureMessages":[],"meta":{}},{"ancestorTitles":["OpenAI Vector Store Service","Health Check and Utilities","getFileSearchTool"],"fullName":"OpenAI Vector Store Service Health Check and Utilities getFileSearchTool should return file search tool configuration","status":"passed","title":"should return file search tool configuration","duration":0.46629200000006676,"failureMessages":[],"meta":{}},{"ancestorTitles":["OpenAI Vector Store Service","Health Check and Utilities","getFileSearchTool"],"fullName":"OpenAI Vector Store Service Health Check and Utilities getFileSearchTool should return null without vector store ID","status":"failed","title":"should return null without vector store ID","duration":3.3479580000002898,"failureMessages":["AssertionError: expected { type: 'file_search', â€¦(1) } to be null // Object.is equality\n    at /Volumes/Main SSD/CascadeProjects/RRA/lib/vectorstore/__tests__/openai.test.ts:1172:24\n    at file:///Volumes/Main%20SSD/CascadeProjects/RRA/node_modules/.pnpm/@vitest+runner@3.2.3/node_modules/@vitest/runner/dist/chunk-hooks.js:155:11\n    at file:///Volumes/Main%20SSD/CascadeProjects/RRA/node_modules/.pnpm/@vitest+runner@3.2.3/node_modules/@vitest/runner/dist/chunk-hooks.js:752:26\n    at file:///Volumes/Main%20SSD/CascadeProjects/RRA/node_modules/.pnpm/@vitest+runner@3.2.3/node_modules/@vitest/runner/dist/chunk-hooks.js:1894:20\n    at new Promise (<anonymous>)\n    at runWithTimeout (file:///Volumes/Main%20SSD/CascadeProjects/RRA/node_modules/.pnpm/@vitest+runner@3.2.3/node_modules/@vitest/runner/dist/chunk-hooks.js:1860:10)\n    at runTest (file:///Volumes/Main%20SSD/CascadeProjects/RRA/node_modules/.pnpm/@vitest+runner@3.2.3/node_modules/@vitest/runner/dist/chunk-hooks.js:1571:12)\n    at processTicksAndRejections (node:internal/process/task_queues:105:5)\n    at runSuite (file:///Volumes/Main%20SSD/CascadeProjects/RRA/node_modules/.pnpm/@vitest+runner@3.2.3/node_modules/@vitest/runner/dist/chunk-hooks.js:1726:8)\n    at runSuite (file:///Volumes/Main%20SSD/CascadeProjects/RRA/node_modules/.pnpm/@vitest+runner@3.2.3/node_modules/@vitest/runner/dist/chunk-hooks.js:1726:8)"],"meta":{}},{"ancestorTitles":["OpenAI Vector Store Service","Health Check and Utilities","getFileSearchTool"],"fullName":"OpenAI Vector Store Service Health Check and Utilities getFileSearchTool should use provided vector store ID","status":"passed","title":"should use provided vector store ID","duration":0.7519169999995938,"failureMessages":[],"meta":{}},{"ancestorTitles":["OpenAI Vector Store Service","Disabled Service"],"fullName":"OpenAI Vector Store Service Disabled Service should throw errors for write operations","status":"failed","title":"should throw errors for write operations","duration":2.1941249999999854,"failureMessages":["Error: promise resolved \"{ id: 'vs_test_store', â€¦(10) }\" instead of rejecting\n    at Assertion.__VITEST_REJECTS__ (file:///Volumes/Main%20SSD/CascadeProjects/RRA/node_modules/.pnpm/@vitest+expect@3.2.3/node_modules/@vitest/expect/dist/index.js:1601:17)\n    at Assertion.propertyGetter (file:///Volumes/Main%20SSD/CascadeProjects/RRA/node_modules/.pnpm/chai@5.2.0/node_modules/chai/chai.js:1486:27)\n    at Reflect.get (<anonymous>)\n    at Object.proxyGetter [as get] (file:///Volumes/Main%20SSD/CascadeProjects/RRA/node_modules/.pnpm/chai@5.2.0/node_modules/chai/chai.js:1577:22)\n    at /Volumes/Main SSD/CascadeProjects/RRA/lib/vectorstore/__tests__/openai.test.ts:1215:61\n    at file:///Volumes/Main%20SSD/CascadeProjects/RRA/node_modules/.pnpm/@vitest+runner@3.2.3/node_modules/@vitest/runner/dist/chunk-hooks.js:155:11\n    at file:///Volumes/Main%20SSD/CascadeProjects/RRA/node_modules/.pnpm/@vitest+runner@3.2.3/node_modules/@vitest/runner/dist/chunk-hooks.js:752:26\n    at file:///Volumes/Main%20SSD/CascadeProjects/RRA/node_modules/.pnpm/@vitest+runner@3.2.3/node_modules/@vitest/runner/dist/chunk-hooks.js:1894:20\n    at new Promise (<anonymous>)\n    at runWithTimeout (file:///Volumes/Main%20SSD/CascadeProjects/RRA/node_modules/.pnpm/@vitest+runner@3.2.3/node_modules/@vitest/runner/dist/chunk-hooks.js:1860:10)"],"meta":{}},{"ancestorTitles":["OpenAI Vector Store Service","Disabled Service"],"fullName":"OpenAI Vector Store Service Disabled Service should return empty arrays for read operations","status":"failed","title":"should return empty arrays for read operations","duration":2.036583000000064,"failureMessages":["AssertionError: expected [ { id: 'file_1', â€¦(2) } ] to deeply equal []\n    at /Volumes/Main SSD/CascadeProjects/RRA/lib/vectorstore/__tests__/openai.test.ts:1235:23\n    at processTicksAndRejections (node:internal/process/task_queues:105:5)\n    at file:///Volumes/Main%20SSD/CascadeProjects/RRA/node_modules/.pnpm/@vitest+runner@3.2.3/node_modules/@vitest/runner/dist/chunk-hooks.js:752:20"],"meta":{}},{"ancestorTitles":["OpenAI Vector Store Service","Disabled Service"],"fullName":"OpenAI Vector Store Service Disabled Service should return false for delete operations","status":"failed","title":"should return false for delete operations","duration":0.3497909999996409,"failureMessages":["AssertionError: expected true to be false // Object.is equality\n    at /Volumes/Main SSD/CascadeProjects/RRA/lib/vectorstore/__tests__/openai.test.ts:1242:27\n    at processTicksAndRejections (node:internal/process/task_queues:105:5)\n    at file:///Volumes/Main%20SSD/CascadeProjects/RRA/node_modules/.pnpm/@vitest+runner@3.2.3/node_modules/@vitest/runner/dist/chunk-hooks.js:752:20"],"meta":{}},{"ancestorTitles":["OpenAI Vector Store Service","Disabled Service"],"fullName":"OpenAI Vector Store Service Disabled Service should return failure for search operations","status":"failed","title":"should return failure for search operations","duration":3.0187499999992724,"failureMessages":["AssertionError: expected 'Search failed: Cannot read propertiesâ€¦' to contain 'disabled'\n    at /Volumes/Main SSD/CascadeProjects/RRA/lib/vectorstore/__tests__/openai.test.ts:1250:36\n    at processTicksAndRejections (node:internal/process/task_queues:105:5)\n    at file:///Volumes/Main%20SSD/CascadeProjects/RRA/node_modules/.pnpm/@vitest+runner@3.2.3/node_modules/@vitest/runner/dist/chunk-hooks.js:752:20"],"meta":{}},{"ancestorTitles":["OpenAI Vector Store Service","Disabled Service"],"fullName":"OpenAI Vector Store Service Disabled Service should return unhealthy status","status":"failed","title":"should return unhealthy status","duration":0.35841699999946286,"failureMessages":["AssertionError: expected true to be false // Object.is equality\n    at /Volumes/Main SSD/CascadeProjects/RRA/lib/vectorstore/__tests__/openai.test.ts:1256:32\n    at processTicksAndRejections (node:internal/process/task_queues:105:5)\n    at file:///Volumes/Main%20SSD/CascadeProjects/RRA/node_modules/.pnpm/@vitest+runner@3.2.3/node_modules/@vitest/runner/dist/chunk-hooks.js:752:20"],"meta":{}},{"ancestorTitles":["OpenAI Vector Store Service","Disabled Service"],"fullName":"OpenAI Vector Store Service Disabled Service should return null for file search tool","status":"failed","title":"should return null for file search tool","duration":0.48220799999944575,"failureMessages":["AssertionError: expected { type: 'file_search', â€¦(1) } to be null // Object.is equality\n    at /Volumes/Main SSD/CascadeProjects/RRA/lib/vectorstore/__tests__/openai.test.ts:1263:20\n    at file:///Volumes/Main%20SSD/CascadeProjects/RRA/node_modules/.pnpm/@vitest+runner@3.2.3/node_modules/@vitest/runner/dist/chunk-hooks.js:155:11\n    at file:///Volumes/Main%20SSD/CascadeProjects/RRA/node_modules/.pnpm/@vitest+runner@3.2.3/node_modules/@vitest/runner/dist/chunk-hooks.js:752:26\n    at file:///Volumes/Main%20SSD/CascadeProjects/RRA/node_modules/.pnpm/@vitest+runner@3.2.3/node_modules/@vitest/runner/dist/chunk-hooks.js:1894:20\n    at new Promise (<anonymous>)\n    at runWithTimeout (file:///Volumes/Main%20SSD/CascadeProjects/RRA/node_modules/.pnpm/@vitest+runner@3.2.3/node_modules/@vitest/runner/dist/chunk-hooks.js:1860:10)\n    at runTest (file:///Volumes/Main%20SSD/CascadeProjects/RRA/node_modules/.pnpm/@vitest+runner@3.2.3/node_modules/@vitest/runner/dist/chunk-hooks.js:1571:12)\n    at processTicksAndRejections (node:internal/process/task_queues:105:5)\n    at runSuite (file:///Volumes/Main%20SSD/CascadeProjects/RRA/node_modules/.pnpm/@vitest+runner@3.2.3/node_modules/@vitest/runner/dist/chunk-hooks.js:1726:8)\n    at runSuite (file:///Volumes/Main%20SSD/CascadeProjects/RRA/node_modules/.pnpm/@vitest+runner@3.2.3/node_modules/@vitest/runner/dist/chunk-hooks.js:1726:8)"],"meta":{}}],"startTime":1753033380553,"endTime":1753033380964.4822,"status":"failed","message":"","name":"/Volumes/Main SSD/CascadeProjects/RRA/lib/vectorstore/__tests__/openai.test.ts"},{"assertionResults":[{"ancestorTitles":["Vector Store Performance Tests","Search Performance"],"fullName":"Vector Store Performance Tests Search Performance should complete simple searches within acceptable time","status":"passed","title":"should complete simple searches within acceptable time","duration":27.97662500000024,"failureMessages":[],"meta":{}},{"ancestorTitles":["Vector Store Performance Tests","Search Performance"],"fullName":"Vector Store Performance Tests Search Performance should handle large result sets efficiently","status":"passed","title":"should handle large result sets efficiently","duration":11.722042000000329,"failureMessages":[],"meta":{}},{"ancestorTitles":["Vector Store Performance Tests","Search Performance"],"fullName":"Vector Store Performance Tests Search Performance should perform well with concurrent searches","status":"passed","title":"should perform well with concurrent searches","duration":15.802999999999884,"failureMessages":[],"meta":{}},{"ancestorTitles":["Vector Store Performance Tests","Search Performance"],"fullName":"Vector Store Performance Tests Search Performance should optimize search performance with caching","status":"passed","title":"should optimize search performance with caching","duration":0.8047080000005735,"failureMessages":[],"meta":{}},{"ancestorTitles":["Vector Store Performance Tests","Upload Performance"],"fullName":"Vector Store Performance Tests Upload Performance should handle small file uploads efficiently","status":"failed","title":"should handle small file uploads efficiently","duration":38.600000000000364,"failureMessages":["ZodError: [\n  {\n    \"code\": \"invalid_literal\",\n    \"expected\": \"vector_store.file\",\n    \"path\": [\n      \"object\"\n    ],\n    \"message\": \"Invalid literal value, expected \\\"vector_store.file\\\"\"\n  },\n  {\n    \"code\": \"invalid_type\",\n    \"expected\": \"number\",\n    \"received\": \"undefined\",\n    \"path\": [\n      \"created_at\"\n    ],\n    \"message\": \"Required\"\n  },\n  {\n    \"code\": \"invalid_type\",\n    \"expected\": \"string\",\n    \"received\": \"undefined\",\n    \"path\": [\n      \"vector_store_id\"\n    ],\n    \"message\": \"Required\"\n  },\n  {\n    \"code\": \"invalid_type\",\n    \"expected\": \"object\",\n    \"received\": \"undefined\",\n    \"path\": [\n      \"last_error\"\n    ],\n    \"message\": \"Required\"\n  }\n]\n    at Object.get error [as error] (file:///Volumes/Main%20SSD/CascadeProjects/RRA/node_modules/.pnpm/zod@3.25.64/node_modules/zod/dist/esm/v3/types.js:39:31)\n    at ZodObject.parse (file:///Volumes/Main%20SSD/CascadeProjects/RRA/node_modules/.pnpm/zod@3.25.64/node_modules/zod/dist/esm/v3/types.js:114:22)\n    at Object.uploadFile (/Volumes/Main SSD/CascadeProjects/RRA/lib/vectorstore/openai.ts:537:32)\n    at processTicksAndRejections (node:internal/process/task_queues:105:5)\n    at /Volumes/Main SSD/CascadeProjects/RRA/lib/vectorstore/__tests__/performance.test.ts:319:22\n    at file:///Volumes/Main%20SSD/CascadeProjects/RRA/node_modules/.pnpm/@vitest+runner@3.2.3/node_modules/@vitest/runner/dist/chunk-hooks.js:752:20"],"meta":{}},{"ancestorTitles":["Vector Store Performance Tests","Upload Performance"],"fullName":"Vector Store Performance Tests Upload Performance should handle medium file uploads within reasonable time","status":"failed","title":"should handle medium file uploads within reasonable time","duration":23.603374999999687,"failureMessages":["ZodError: [\n  {\n    \"code\": \"invalid_literal\",\n    \"expected\": \"vector_store.file\",\n    \"path\": [\n      \"object\"\n    ],\n    \"message\": \"Invalid literal value, expected \\\"vector_store.file\\\"\"\n  },\n  {\n    \"code\": \"invalid_type\",\n    \"expected\": \"number\",\n    \"received\": \"undefined\",\n    \"path\": [\n      \"created_at\"\n    ],\n    \"message\": \"Required\"\n  },\n  {\n    \"code\": \"invalid_type\",\n    \"expected\": \"string\",\n    \"received\": \"undefined\",\n    \"path\": [\n      \"vector_store_id\"\n    ],\n    \"message\": \"Required\"\n  },\n  {\n    \"code\": \"invalid_type\",\n    \"expected\": \"object\",\n    \"received\": \"undefined\",\n    \"path\": [\n      \"last_error\"\n    ],\n    \"message\": \"Required\"\n  }\n]\n    at Object.get error [as error] (file:///Volumes/Main%20SSD/CascadeProjects/RRA/node_modules/.pnpm/zod@3.25.64/node_modules/zod/dist/esm/v3/types.js:39:31)\n    at ZodObject.parse (file:///Volumes/Main%20SSD/CascadeProjects/RRA/node_modules/.pnpm/zod@3.25.64/node_modules/zod/dist/esm/v3/types.js:114:22)\n    at Object.uploadFile (/Volumes/Main SSD/CascadeProjects/RRA/lib/vectorstore/openai.ts:537:32)\n    at processTicksAndRejections (node:internal/process/task_queues:105:5)\n    at /Volumes/Main SSD/CascadeProjects/RRA/lib/vectorstore/__tests__/performance.test.ts:347:22\n    at file:///Volumes/Main%20SSD/CascadeProjects/RRA/node_modules/.pnpm/@vitest+runner@3.2.3/node_modules/@vitest/runner/dist/chunk-hooks.js:752:20"],"meta":{}},{"ancestorTitles":["Vector Store Performance Tests","Upload Performance"],"fullName":"Vector Store Performance Tests Upload Performance should handle concurrent uploads efficiently","status":"failed","title":"should handle concurrent uploads efficiently","duration":69.51787500000046,"failureMessages":["ZodError: [\n  {\n    \"code\": \"invalid_literal\",\n    \"expected\": \"vector_store.file\",\n    \"path\": [\n      \"object\"\n    ],\n    \"message\": \"Invalid literal value, expected \\\"vector_store.file\\\"\"\n  },\n  {\n    \"code\": \"invalid_type\",\n    \"expected\": \"number\",\n    \"received\": \"undefined\",\n    \"path\": [\n      \"created_at\"\n    ],\n    \"message\": \"Required\"\n  },\n  {\n    \"code\": \"invalid_type\",\n    \"expected\": \"string\",\n    \"received\": \"undefined\",\n    \"path\": [\n      \"vector_store_id\"\n    ],\n    \"message\": \"Required\"\n  },\n  {\n    \"code\": \"invalid_type\",\n    \"expected\": \"object\",\n    \"received\": \"undefined\",\n    \"path\": [\n      \"last_error\"\n    ],\n    \"message\": \"Required\"\n  }\n]\n    at Object.get error [as error] (file:///Volumes/Main%20SSD/CascadeProjects/RRA/node_modules/.pnpm/zod@3.25.64/node_modules/zod/dist/esm/v3/types.js:39:31)\n    at ZodObject.parse (file:///Volumes/Main%20SSD/CascadeProjects/RRA/node_modules/.pnpm/zod@3.25.64/node_modules/zod/dist/esm/v3/types.js:114:22)\n    at Object.uploadFile (/Volumes/Main SSD/CascadeProjects/RRA/lib/vectorstore/openai.ts:537:32)\n    at processTicksAndRejections (node:internal/process/task_queues:105:5)\n    at async Promise.all (index 0)\n    at /Volumes/Main SSD/CascadeProjects/RRA/lib/vectorstore/__tests__/performance.test.ts:380:23\n    at file:///Volumes/Main%20SSD/CascadeProjects/RRA/node_modules/.pnpm/@vitest+runner@3.2.3/node_modules/@vitest/runner/dist/chunk-hooks.js:752:20"],"meta":{}},{"ancestorTitles":["Vector Store Performance Tests","Memory Management"],"fullName":"Vector Store Performance Tests Memory Management should not accumulate memory during repeated operations","status":"passed","title":"should not accumulate memory during repeated operations","duration":80.77512500000012,"failureMessages":[],"meta":{}},{"ancestorTitles":["Vector Store Performance Tests","Memory Management"],"fullName":"Vector Store Performance Tests Memory Management should handle large response payloads without memory leaks","status":"passed","title":"should handle large response payloads without memory leaks","duration":2.4871249999996508,"failureMessages":[],"meta":{}},{"ancestorTitles":["Vector Store Performance Tests","Retry Performance"],"fullName":"Vector Store Performance Tests Retry Performance should implement exponential backoff efficiently","status":"failed","title":"should implement exponential backoff efficiently","duration":1.890041999999994,"failureMessages":["AssertionError: expected 0 to be greater than 500\n    at /Volumes/Main SSD/CascadeProjects/RRA/lib/vectorstore/__tests__/performance.test.ts:529:35\n    at processTicksAndRejections (node:internal/process/task_queues:105:5)\n    at file:///Volumes/Main%20SSD/CascadeProjects/RRA/node_modules/.pnpm/@vitest+runner@3.2.3/node_modules/@vitest/runner/dist/chunk-hooks.js:752:20"],"meta":{}},{"ancestorTitles":["Vector Store Performance Tests","Retry Performance"],"fullName":"Vector Store Performance Tests Retry Performance should fail fast for non-retryable errors","status":"passed","title":"should fail fast for non-retryable errors","duration":1.9912089999997988,"failureMessages":[],"meta":{}},{"ancestorTitles":["Vector Store Performance Tests","Scalability Tests"],"fullName":"Vector Store Performance Tests Scalability Tests should handle increasing query complexity gracefully","status":"passed","title":"should handle increasing query complexity gracefully","duration":3.7603750000007494,"failureMessages":[],"meta":{}},{"ancestorTitles":["Vector Store Performance Tests","Scalability Tests"],"fullName":"Vector Store Performance Tests Scalability Tests should maintain performance with varying result set sizes","status":"passed","title":"should maintain performance with varying result set sizes","duration":31.86229099999946,"failureMessages":[],"meta":{}},{"ancestorTitles":["Vector Store Performance Tests","Resource Utilization"],"fullName":"Vector Store Performance Tests Resource Utilization should efficiently handle batch operations","status":"passed","title":"should efficiently handle batch operations","duration":1.6173750000007203,"failureMessages":[],"meta":{}},{"ancestorTitles":["Vector Store Performance Tests","Resource Utilization"],"fullName":"Vector Store Performance Tests Resource Utilization should handle connection pooling efficiently","status":"passed","title":"should handle connection pooling efficiently","duration":34.333292000000256,"failureMessages":[],"meta":{}}],"startTime":1753033380594,"endTime":1753033380941.3333,"status":"failed","message":"","name":"/Volumes/Main SSD/CascadeProjects/RRA/lib/vectorstore/__tests__/performance.test.ts"}]}
â€‰ELIFECYCLEâ€‰ Command failed with exit code 1.
